Log file open, 01/10/19 18:17:00
LogWindows: Failed to load 'aqProf.dll' (GetLastError=126)
LogWindows: File 'aqProf.dll' does not exist
LogWindows: Failed to load 'VtuneApi.dll' (GetLastError=126)
LogWindows: File 'VtuneApi.dll' does not exist
LogWindows: Failed to load 'VtuneApi32e.dll' (GetLastError=126)
LogWindows: File 'VtuneApi32e.dll' does not exist
LogConsoleResponse: Display: Failed to find resolution value strings in scalability ini. Falling back to default.
LogInit: Display: Running engine for game: HolidayProject_Ver2
LogPakFile: Registered encryption key '00000000000000000000000000000000': 0 pak files mounted, 0 remain pending
LogPlatformFile: Not using cached read wrapper
LogTaskGraph: Started task graph with 5 named threads and 23 total threads with 3 sets of task threads.
LogStats: Stats thread started at 0.292445
LogD3D11RHI: Loaded GFSDK_Aftermath_Lib.x64.dll
LogICUInternationalization: ICU TimeZone Detection - Raw Offset: +9:00, Platform Override: ''
LogPluginManager: Mounting plugin Paper2D
LogPluginManager: Mounting plugin AISupport
LogPluginManager: Mounting plugin LightPropagationVolume
LogPluginManager: Mounting plugin ActorLayerUtilities
LogPluginManager: Mounting plugin CLionSourceCodeAccess
LogPluginManager: Mounting plugin CodeLiteSourceCodeAccess
LogPluginManager: Mounting plugin GitSourceControl
LogPluginManager: Mounting plugin KDevelopSourceCodeAccess
LogPluginManager: Mounting plugin NullSourceCodeAccess
LogPluginManager: Mounting plugin PerforceSourceControl
LogPluginManager: Mounting plugin SubversionSourceControl
LogPluginManager: Mounting plugin UObjectPlugin
LogPluginManager: Mounting plugin VisualStudioCodeSourceCodeAccess
LogPluginManager: Mounting plugin VisualStudioSourceCodeAccess
LogPluginManager: Mounting plugin XCodeSourceCodeAccess
LogPluginManager: Mounting plugin AssetManagerEditor
LogPluginManager: Mounting plugin CryptoKeys
LogPluginManager: Mounting plugin DataValidation
LogPluginManager: Mounting plugin FacialAnimation
LogPluginManager: Mounting plugin GameplayTagsEditor
LogPluginManager: Mounting plugin MacGraphicsSwitching
LogPluginManager: Mounting plugin MeshEditor
LogPluginManager: Mounting plugin MobileLauncherProfileWizard
LogPluginManager: Mounting plugin PluginBrowser
LogPluginManager: Mounting plugin SpeedTreeImporter
LogPluginManager: Mounting plugin DatasmithContent
LogPluginManager: Mounting plugin VariantManagerContent
LogPluginManager: Mounting plugin AlembicImporter
LogPluginManager: Mounting plugin AppleImageUtils
LogPluginManager: Mounting plugin AppleVision
LogPluginManager: Mounting plugin BackChannel
LogPluginManager: Mounting plugin CharacterAI
LogPluginManager: Mounting plugin GeometryCache
LogPluginManager: Mounting plugin HTML5Networking
LogPluginManager: Mounting plugin ProxyLODPlugin
LogPluginManager: Mounting plugin MagicLeap
LogPluginManager: Mounting plugin MagicLeapMedia
LogPluginManager: Mounting plugin AndroidMedia
LogPluginManager: Mounting plugin AvfMedia
LogPluginManager: Mounting plugin ImgMedia
LogPluginManager: Mounting plugin LinearTimecode
LogPluginManager: Mounting plugin MediaCompositing
LogPluginManager: Mounting plugin MediaPlayerEditor
LogPluginManager: Mounting plugin WebMMedia
LogPluginManager: Mounting plugin WmfMedia
LogPluginManager: Mounting plugin TcpMessaging
LogPluginManager: Mounting plugin UdpMessaging
LogPluginManager: Mounting plugin ActorSequence
LogPluginManager: Mounting plugin LevelSequenceEditor
LogPluginManager: Mounting plugin MatineeToLevelSequence
LogPluginManager: Mounting plugin NetcodeUnitTest
LogPluginManager: Mounting plugin NUTUnrealEngine4
LogPluginManager: Mounting plugin OnlineSubsystemGooglePlay
LogPluginManager: Mounting plugin OnlineSubsystemIOS
LogPluginManager: Mounting plugin OnlineSubsystem
LogPluginManager: Mounting plugin OnlineSubsystemNull
LogPluginManager: Mounting plugin OnlineSubsystemUtils
LogPluginManager: Mounting plugin LauncherChunkInstaller
LogPluginManager: Mounting plugin AndroidDeviceProfileSelector
LogPluginManager: Mounting plugin AndroidMoviePlayer
LogPluginManager: Mounting plugin AndroidPermission
LogPluginManager: Mounting plugin AppleMoviePlayer
LogPluginManager: Mounting plugin ArchVisCharacter
LogPluginManager: Mounting plugin AudioCapture
LogPluginManager: Mounting plugin CableComponent
LogPluginManager: Mounting plugin CustomMeshComponent
LogPluginManager: Mounting plugin EditableMesh
LogPluginManager: Mounting plugin ExampleDeviceProfileSelector
LogPluginManager: Mounting plugin Firebase
LogPluginManager: Mounting plugin GoogleCloudMessaging
LogPluginManager: Mounting plugin IOSDeviceProfileSelector
LogPluginManager: Mounting plugin LinuxDeviceProfileSelector
LogPluginManager: Mounting plugin LocationServicesBPLibrary
LogPluginManager: Mounting plugin MobilePatchingUtils
LogPluginManager: Mounting plugin OculusVR
LogPluginManager: Mounting plugin PhysXVehicles
LogPluginManager: Mounting plugin ProceduralMeshComponent
LogPluginManager: Mounting plugin RuntimePhysXCooking
LogPluginManager: Mounting plugin SteamVR
LogPluginManager: Mounting plugin WebMMoviePlayer
LogPluginManager: Mounting plugin WindowsMoviePlayer
LogStreaming: Display: Took  1.259s to configure plugins.
LogInit: Using libcurl 7.55.1-DEV
LogInit:  - built for x86_64-pc-win32
LogInit:  - supports SSL with OpenSSL/1.0.2h
LogInit:  - supports HTTP deflate (compression) using libz 1.2.8
LogInit:  - other features:
LogInit:      CURL_VERSION_SSL
LogInit:      CURL_VERSION_LIBZ
LogInit:      CURL_VERSION_IPV6
LogInit:      CURL_VERSION_ASYNCHDNS
LogInit:      CURL_VERSION_LARGEFILE
LogInit:      CURL_VERSION_IDN
LogInit:  CurlRequestOptions (configurable via config and command line):
LogInit:  - bVerifyPeer = true  - Libcurl will verify peer certificate
LogInit:  - bUseHttpProxy = false  - Libcurl will NOT use HTTP proxy
LogInit:  - bDontReuseConnections = false  - Libcurl will reuse connections
LogInit:  - MaxHostConnections = 16  - Libcurl will limit the number of connections to a host
LogInit:  - LocalHostAddr = Default
LogInit:  - BufferSize = 65536
LogInit: WinSock: version 1.1 (2.2), MaxSocks=32767, MaxUdp=65467
LogInit: Build: ++UE4+Release-4.21-CL-4613538
LogInit: Engine Version: 4.21.1-4613538+++UE4+Release-4.21
LogInit: Compatible Engine Version: 4.21.0-4541578+++UE4+Release-4.21
LogInit: Net CL: 4541578
LogInit: OS: Windows 10 (), CPU: Intel(R) Core(TM) i7-6700HQ CPU @ 2.60GHz, GPU: Intel(R) HD Graphics 530
LogInit: Compiled (64-bit): Nov 30 2018 04:13:25
LogInit: Compiled with Visual C++: 19.13.26129.00
LogInit: Build Configuration: Development
LogInit: Branch Name: ++UE4+Release-4.21
LogInit: Command Line:  -EpicPortal -epicusername=Shiyon25 -epicuserid=48aeb921c9104b77a01f4a5b56292627 -epiclocale=en-US
LogInit: Base Directory: D:/Unreal/UE_4.21/Engine/Binaries/Win64/
LogInit: Installed Engine Build: 1
LogDevObjectVersion: Number of dev versions registered: 22
LogDevObjectVersion:   Dev-Blueprints (B0D832E4-1F89-4F0D-ACCF-7EB736FD4AA2): 10
LogDevObjectVersion:   Dev-Build (E1C64328-A22C-4D53-A36C-8E866417BD8C): 0
LogDevObjectVersion:   Dev-Core (375EC13C-06E4-48FB-B500-84F0262A717E): 2
LogDevObjectVersion:   Dev-Editor (E4B068ED-F494-42E9-A231-DA0B2E46BB41): 26
LogDevObjectVersion:   Dev-Framework (CFFC743F-43B0-4480-9391-14DF171D2073): 34
LogDevObjectVersion:   Dev-Mobile (B02B49B5-BB20-44E9-A304-32B752E40360): 2
LogDevObjectVersion:   Dev-Networking (A4E4105C-59A1-49B5-A7C5-40C4547EDFEE): 0
LogDevObjectVersion:   Dev-Online (39C831C9-5AE6-47DC-9A44-9C173E1C8E7C): 0
LogDevObjectVersion:   Dev-Physics (78F01B33-EBEA-4F98-B9B4-84EACCB95AA2): 0
LogDevObjectVersion:   Dev-Platform (6631380F-2D4D-43E0-8009-CF276956A95A): 0
LogDevObjectVersion:   Dev-Rendering (12F88B9F-8875-4AFC-A67C-D90C383ABD29): 27
LogDevObjectVersion:   Dev-Sequencer (7B5AE74C-D270-4C10-A958-57980B212A5A): 9
LogDevObjectVersion:   Dev-VR (D7296918-1DD6-4BDD-9DE2-64A83CC13884): 2
LogDevObjectVersion:   Dev-LoadTimes (C2A15278-BFE7-4AFE-6C17-90FF531DF755): 1
LogDevObjectVersion:   Private-Geometry (6EACA3D4-40EC-4CC1-B786-8BED09428FC5): 3
LogDevObjectVersion:   Dev-AnimPhys (29E575DD-E0A3-4627-9D10-D276232CDCEA): 17
LogDevObjectVersion:   Dev-Anim (AF43A65D-7FD3-4947-9873-3E8ED9C1BB05): 2
LogDevObjectVersion:   Dev-ReflectionCapture (6B266CEC-1EC7-4B8F-A30B-E4D90942FC07): 1
LogDevObjectVersion:   Dev-Automation (0DF73D61-A23F-47EA-B727-89E90C41499A): 1
LogDevObjectVersion:   FortniteMain (601D1886-AC64-4F84-AA16-D3DE0DEAC7D6): 17
LogDevObjectVersion:   Dev-Enterprise (9DFFBCD6-494F-0158-E221-12823C92A888): 4
LogDevObjectVersion:   Dev-Niagara (F2AED0AC-9AFE-416F-8664-AA7FFA26D6FC): 1
LogStreaming: Display: Took  0.000s to delete old logs.
LogInit: Presizing for max 8388607 objects, including 0 objects not considered by GC, pre-allocating 0 bytes for permanent pool.
LogInit: Object subsystem initialized
LogConfig: Setting CVar [[con.DebugEarlyDefault:1]]
LogConfig: Setting CVar [[r.setres:1280x720]]
[2019.01.10-09.17.02:042][  0]LogConfig: Setting CVar [[r.VSync:0]]
[2019.01.10-09.17.02:042][  0]LogConfig: Setting CVar [[r.RHICmdBypass:0]]
[2019.01.10-09.17.02:042][  0]LogConfig: Applying CVar settings from Section [/Script/Engine.RendererSettings] File [D:/Repositories/HolidayProject01_Ver02/HolidayProject_Ver2/Saved/Config/Windows/Engine.ini]
[2019.01.10-09.17.02:042][  0]LogConfig: Setting CVar [[r.GPUCrashDebugging:0]]
[2019.01.10-09.17.02:042][  0]LogConfig: Applying CVar settings from Section [/Script/Engine.RendererOverrideSettings] File [D:/Repositories/HolidayProject01_Ver02/HolidayProject_Ver2/Saved/Config/Windows/Engine.ini]
[2019.01.10-09.17.02:042][  0]LogConfig: Applying CVar settings from Section [/Script/Engine.StreamingSettings] File [D:/Repositories/HolidayProject01_Ver02/HolidayProject_Ver2/Saved/Config/Windows/Engine.ini]
[2019.01.10-09.17.02:042][  0]LogConfig: Setting CVar [[s.MinBulkDataSizeForAsyncLoading:131072]]
[2019.01.10-09.17.02:042][  0]LogConfig: Setting CVar [[s.AsyncLoadingThreadEnabled:0]]
[2019.01.10-09.17.02:042][  0]LogConfig: Setting CVar [[s.EventDrivenLoaderEnabled:1]]
[2019.01.10-09.17.02:042][  0]LogConfig: Setting CVar [[s.WarnIfTimeLimitExceeded:0]]
[2019.01.10-09.17.02:042][  0]LogConfig: Setting CVar [[s.TimeLimitExceededMultiplier:1.5]]
[2019.01.10-09.17.02:042][  0]LogConfig: Setting CVar [[s.TimeLimitExceededMinTime:0.005]]
[2019.01.10-09.17.02:042][  0]LogConfig: Setting CVar [[s.UseBackgroundLevelStreaming:1]]
[2019.01.10-09.17.02:043][  0]LogConfig: Setting CVar [[s.PriorityAsyncLoadingExtraTime:15.0]]
[2019.01.10-09.17.02:043][  0]LogConfig: Setting CVar [[s.LevelStreamingActorsUpdateTimeLimit:5.0]]
[2019.01.10-09.17.02:043][  0]LogConfig: Setting CVar [[s.PriorityLevelStreamingActorsUpdateExtraTime:5.0]]
[2019.01.10-09.17.02:043][  0]LogConfig: Setting CVar [[s.LevelStreamingComponentsRegistrationGranularity:10]]
[2019.01.10-09.17.02:043][  0]LogConfig: Setting CVar [[s.UnregisterComponentsTimeLimit:1.0]]
[2019.01.10-09.17.02:043][  0]LogConfig: Setting CVar [[s.LevelStreamingComponentsUnregistrationGranularity:5]]
[2019.01.10-09.17.02:043][  0]LogConfig: Applying CVar settings from Section [/Script/Engine.GarbageCollectionSettings] File [D:/Repositories/HolidayProject01_Ver02/HolidayProject_Ver2/Saved/Config/Windows/Engine.ini]
[2019.01.10-09.17.02:043][  0]LogConfig: Setting CVar [[gc.MaxObjectsNotConsideredByGC:1]]
[2019.01.10-09.17.02:043][  0]LogConfig: Setting CVar [[gc.SizeOfPermanentObjectPool:0]]
[2019.01.10-09.17.02:043][  0]LogConfig: Setting CVar [[gc.FlushStreamingOnGC:0]]
[2019.01.10-09.17.02:043][  0]LogConfig: Setting CVar [[gc.NumRetriesBeforeForcingGC:10]]
[2019.01.10-09.17.02:043][  0]LogConfig: Setting CVar [[gc.AllowParallelGC:1]]
[2019.01.10-09.17.02:043][  0]LogConfig: Setting CVar [[gc.TimeBetweenPurgingPendingKillObjects:61.1]]
[2019.01.10-09.17.02:043][  0]LogConfig: Setting CVar [[gc.MaxObjectsInEditor:8388607]]
[2019.01.10-09.17.02:043][  0]LogConfig: Setting CVar [[gc.IncrementalBeginDestroyEnabled:1]]
[2019.01.10-09.17.02:043][  0]LogConfig: Setting CVar [[gc.CreateGCClusters:1]]
[2019.01.10-09.17.02:043][  0]LogConfig: Setting CVar [[gc.MergeGCClusters:0]]
[2019.01.10-09.17.02:043][  0]LogConfig: Setting CVar [[gc.MinGCClusterSize:5]]
[2019.01.10-09.17.02:043][  0]LogConfig: Setting CVar [[gc.ActorClusteringEnabled:0]]
[2019.01.10-09.17.02:043][  0]LogConfig: Setting CVar [[gc.BlueprintClusteringEnabled:0]]
[2019.01.10-09.17.02:043][  0]LogConfig: Setting CVar [[gc.UseDisregardForGCOnDedicatedServers:0]]
[2019.01.10-09.17.02:043][  0]LogConfig: Applying CVar settings from Section [/Script/Engine.NetworkSettings] File [D:/Repositories/HolidayProject01_Ver02/HolidayProject_Ver2/Saved/Config/Windows/Engine.ini]
[2019.01.10-09.17.02:043][  0]LogConfig: Applying CVar settings from Section [/Script/UnrealEd.CookerSettings] File [D:/Repositories/HolidayProject01_Ver02/HolidayProject_Ver2/Saved/Config/Windows/Engine.ini]
[2019.01.10-09.17.02:045][  0]LogConfig: Applying CVar settings from Section [ViewDistanceQuality@3] File [D:/Repositories/HolidayProject01_Ver02/HolidayProject_Ver2/Saved/Config/Windows/Scalability.ini]
[2019.01.10-09.17.02:045][  0]LogConfig: Setting CVar [[r.SkeletalMeshLODBias:0]]
[2019.01.10-09.17.02:045][  0]LogConfig: Setting CVar [[r.ViewDistanceScale:1.0]]
[2019.01.10-09.17.02:045][  0]LogConfig: Applying CVar settings from Section [AntiAliasingQuality@3] File [D:/Repositories/HolidayProject01_Ver02/HolidayProject_Ver2/Saved/Config/Windows/Scalability.ini]
[2019.01.10-09.17.02:045][  0]LogConfig: Setting CVar [[r.PostProcessAAQuality:4]]
[2019.01.10-09.17.02:045][  0]LogConfig: Applying CVar settings from Section [ShadowQuality@3] File [D:/Repositories/HolidayProject01_Ver02/HolidayProject_Ver2/Saved/Config/Windows/Scalability.ini]
[2019.01.10-09.17.02:045][  0]LogConfig: Setting CVar [[r.LightFunctionQuality:1]]
[2019.01.10-09.17.02:045][  0]LogConfig: Setting CVar [[r.ShadowQuality:5]]
[2019.01.10-09.17.02:045][  0]LogConfig: Setting CVar [[r.Shadow.CSM.MaxCascades:10]]
[2019.01.10-09.17.02:045][  0]LogConfig: Setting CVar [[r.Shadow.MaxResolution:2048]]
[2019.01.10-09.17.02:045][  0]LogConfig: Setting CVar [[r.Shadow.MaxCSMResolution:2048]]
[2019.01.10-09.17.02:045][  0]LogConfig: Setting CVar [[r.Shadow.RadiusThreshold:0.01]]
[2019.01.10-09.17.02:045][  0]LogConfig: Setting CVar [[r.Shadow.DistanceScale:1.0]]
[2019.01.10-09.17.02:045][  0]LogConfig: Setting CVar [[r.Shadow.CSM.TransitionScale:1.0]]
[2019.01.10-09.17.02:046][  0]LogConfig: Setting CVar [[r.Shadow.PreShadowResolutionFactor:1.0]]
[2019.01.10-09.17.02:046][  0]LogConfig: Setting CVar [[r.DistanceFieldShadowing:1]]
[2019.01.10-09.17.02:046][  0]LogConfig: Setting CVar [[r.DistanceFieldAO:1]]
[2019.01.10-09.17.02:046][  0]LogConfig: Setting CVar [[r.AOQuality:2]]
[2019.01.10-09.17.02:046][  0]LogConfig: Setting CVar [[r.VolumetricFog:1]]
[2019.01.10-09.17.02:046][  0]LogConfig: Setting CVar [[r.VolumetricFog.GridPixelSize:8]]
[2019.01.10-09.17.02:046][  0]LogConfig: Setting CVar [[r.VolumetricFog.GridSizeZ:128]]
[2019.01.10-09.17.02:046][  0]LogConfig: Setting CVar [[r.VolumetricFog.HistoryMissSupersampleCount:4]]
[2019.01.10-09.17.02:046][  0]LogConfig: Setting CVar [[r.LightMaxDrawDistanceScale:1]]
[2019.01.10-09.17.02:046][  0]LogConfig: Setting CVar [[r.CapsuleShadows:1]]
[2019.01.10-09.17.02:046][  0]LogConfig: Applying CVar settings from Section [PostProcessQuality@3] File [D:/Repositories/HolidayProject01_Ver02/HolidayProject_Ver2/Saved/Config/Windows/Scalability.ini]
[2019.01.10-09.17.02:046][  0]LogConfig: Setting CVar [[r.MotionBlurQuality:4]]
[2019.01.10-09.17.02:046][  0]LogConfig: Setting CVar [[r.AmbientOcclusionMipLevelFactor:0.4]]
[2019.01.10-09.17.02:046][  0]LogConfig: Setting CVar [[r.AmbientOcclusionMaxQuality:100]]
[2019.01.10-09.17.02:046][  0]LogConfig: Setting CVar [[r.AmbientOcclusionLevels:-1]]
[2019.01.10-09.17.02:046][  0]LogConfig: Setting CVar [[r.AmbientOcclusionRadiusScale:1.0]]
[2019.01.10-09.17.02:046][  0]LogConfig: Setting CVar [[r.DepthOfFieldQuality:2]]
[2019.01.10-09.17.02:046][  0]LogConfig: Setting CVar [[r.RenderTargetPoolMin:400]]
[2019.01.10-09.17.02:046][  0]LogConfig: Setting CVar [[r.LensFlareQuality:2]]
[2019.01.10-09.17.02:046][  0]LogConfig: Setting CVar [[r.SceneColorFringeQuality:1]]
[2019.01.10-09.17.02:046][  0]LogConfig: Setting CVar [[r.EyeAdaptationQuality:2]]
[2019.01.10-09.17.02:046][  0]LogConfig: Setting CVar [[r.BloomQuality:5]]
[2019.01.10-09.17.02:046][  0]LogConfig: Setting CVar [[r.FastBlurThreshold:100]]
[2019.01.10-09.17.02:046][  0]LogConfig: Setting CVar [[r.Upscale.Quality:3]]
[2019.01.10-09.17.02:046][  0]LogConfig: Setting CVar [[r.Tonemapper.GrainQuantization:1]]
[2019.01.10-09.17.02:046][  0]LogConfig: Setting CVar [[r.LightShaftQuality:1]]
[2019.01.10-09.17.02:046][  0]LogConfig: Setting CVar [[r.Filter.SizeScale:1]]
[2019.01.10-09.17.02:046][  0]LogConfig: Setting CVar [[r.Tonemapper.Quality:5]]
[2019.01.10-09.17.02:046][  0]LogConfig: Setting CVar [[r.DOF.Gather.AccumulatorQuality:1        ; higher gathering accumulator quality]]
[2019.01.10-09.17.02:046][  0]LogConfig: Setting CVar [[r.DOF.Gather.PostfilterMethod:1          ; Median3x3 postfilering method]]
[2019.01.10-09.17.02:046][  0]LogConfig: Setting CVar [[r.DOF.Gather.EnableBokehSettings:0       ; no bokeh simulation when gathering]]
[2019.01.10-09.17.02:046][  0]LogConfig: Setting CVar [[r.DOF.Gather.RingCount:4                 ; medium number of samples when gathering]]
[2019.01.10-09.17.02:046][  0]LogConfig: Setting CVar [[r.DOF.Scatter.ForegroundCompositing:1    ; additive foreground scattering]]
[2019.01.10-09.17.02:046][  0]LogConfig: Setting CVar [[r.DOF.Scatter.BackgroundCompositing:2    ; additive background scattering]]
[2019.01.10-09.17.02:046][  0]LogConfig: Setting CVar [[r.DOF.Scatter.EnableBokehSettings:1      ; bokeh simulation when scattering]]
[2019.01.10-09.17.02:046][  0]LogConfig: Setting CVar [[r.DOF.Scatter.MaxSpriteRatio:0.1         ; only a maximum of 10% of scattered bokeh]]
[2019.01.10-09.17.02:046][  0]LogConfig: Setting CVar [[r.DOF.Recombine.Quality:1                ; cheap slight out of focus]]
[2019.01.10-09.17.02:046][  0]LogConfig: Setting CVar [[r.DOF.Recombine.EnableBokehSettings:0    ; no bokeh simulation on slight out of focus]]
[2019.01.10-09.17.02:046][  0]LogConfig: Setting CVar [[r.DOF.TemporalAAQuality:1                ; more stable temporal accumulation]]
[2019.01.10-09.17.02:046][  0]LogConfig: Setting CVar [[r.DOF.Kernel.MaxForegroundRadius:0.025]]
[2019.01.10-09.17.02:046][  0]LogConfig: Setting CVar [[r.DOF.Kernel.MaxBackgroundRadius:0.025]]
[2019.01.10-09.17.02:046][  0]LogConfig: Applying CVar settings from Section [TextureQuality@3] File [D:/Repositories/HolidayProject01_Ver02/HolidayProject_Ver2/Saved/Config/Windows/Scalability.ini]
[2019.01.10-09.17.02:046][  0]LogConfig: Setting CVar [[r.Streaming.MipBias:0]]
[2019.01.10-09.17.02:046][  0]LogConfig: Setting CVar [[r.Streaming.AmortizeCPUToGPUCopy:0]]
[2019.01.10-09.17.02:046][  0]LogConfig: Setting CVar [[r.Streaming.MaxNumTexturesToStreamPerFrame:0]]
[2019.01.10-09.17.02:046][  0]LogConfig: Setting CVar [[r.Streaming.Boost:1]]
[2019.01.10-09.17.02:046][  0]LogConfig: Setting CVar [[r.MaxAnisotropy:8]]
[2019.01.10-09.17.02:046][  0]LogConfig: Setting CVar [[r.Streaming.LimitPoolSizeToVRAM:0]]
[2019.01.10-09.17.02:046][  0]LogConfig: Setting CVar [[r.Streaming.PoolSize:1000]]
[2019.01.10-09.17.02:046][  0]LogConfig: Setting CVar [[r.Streaming.MaxEffectiveScreenSize:0]]
[2019.01.10-09.17.02:046][  0]LogConfig: Applying CVar settings from Section [EffectsQuality@3] File [D:/Repositories/HolidayProject01_Ver02/HolidayProject_Ver2/Saved/Config/Windows/Scalability.ini]
[2019.01.10-09.17.02:046][  0]LogConfig: Setting CVar [[r.TranslucencyLightingVolumeDim:64]]
[2019.01.10-09.17.02:046][  0]LogConfig: Setting CVar [[r.RefractionQuality:2]]
[2019.01.10-09.17.02:046][  0]LogConfig: Setting CVar [[r.SSR.Quality:3]]
[2019.01.10-09.17.02:046][  0]LogConfig: Setting CVar [[r.SceneColorFormat:4]]
[2019.01.10-09.17.02:046][  0]LogConfig: Setting CVar [[r.DetailMode:2]]
[2019.01.10-09.17.02:046][  0]LogConfig: Setting CVar [[r.TranslucencyVolumeBlur:1]]
[2019.01.10-09.17.02:046][  0]LogConfig: Setting CVar [[r.MaterialQualityLevel:1 ; High quality]]
[2019.01.10-09.17.02:046][  0]LogConfig: Setting CVar [[r.SSS.Scale:1]]
[2019.01.10-09.17.02:046][  0]LogConfig: Setting CVar [[r.SSS.SampleSet:2]]
[2019.01.10-09.17.02:047][  0]LogConfig: Setting CVar [[r.SSS.Quality:1]]
[2019.01.10-09.17.02:047][  0]LogConfig: Setting CVar [[r.SSS.HalfRes:1]]
[2019.01.10-09.17.02:047][  0]LogConfig: Setting CVar [[r.EmitterSpawnRateScale:1.0]]
[2019.01.10-09.17.02:047][  0]LogConfig: Setting CVar [[r.ParticleLightQuality:2]]
[2019.01.10-09.17.02:047][  0]LogConfig: Applying CVar settings from Section [FoliageQuality@3] File [D:/Repositories/HolidayProject01_Ver02/HolidayProject_Ver2/Saved/Config/Windows/Scalability.ini]
[2019.01.10-09.17.02:047][  0]LogConfig: Setting CVar [[foliage.DensityScale:1.0]]
[2019.01.10-09.17.02:047][  0]LogConfig: Setting CVar [[grass.DensityScale:1.0]]
[2019.01.10-09.17.02:047][  0]LogInit: Selected Device Profile: [Windows]
[2019.01.10-09.17.02:047][  0]LogInit: Applying CVar settings loaded from the selected device profile: [Windows]
[2019.01.10-09.17.02:189][  0]LogHAL: Display: Platform has ~ 16 GB [17016066048 / 17179869184 / 16], which maps to Larger [LargestMinGB=32, LargerMinGB=12, DefaultMinGB=8, SmallerMinGB=6, SmallestMinGB=0)
[2019.01.10-09.17.02:189][  0]LogConfig: Setting CVar [[r.Vulkan.UseRealUBs:1]]
[2019.01.10-09.17.02:189][  0]LogInit: Going up to parent DeviceProfile []
[2019.01.10-09.17.02:189][  0]LogConfig: Applying CVar settings from Section [ViewDistanceQuality@3] File [D:/Repositories/HolidayProject01_Ver02/HolidayProject_Ver2/Saved/Config/Windows/Scalability.ini]
[2019.01.10-09.17.02:190][  0]LogConfig: Setting CVar [[r.SkeletalMeshLODBias:0]]
[2019.01.10-09.17.02:190][  0]LogConfig: Setting CVar [[r.ViewDistanceScale:1.0]]
[2019.01.10-09.17.02:190][  0]LogConfig: Applying CVar settings from Section [AntiAliasingQuality@3] File [D:/Repositories/HolidayProject01_Ver02/HolidayProject_Ver2/Saved/Config/Windows/Scalability.ini]
[2019.01.10-09.17.02:190][  0]LogConfig: Setting CVar [[r.PostProcessAAQuality:4]]
[2019.01.10-09.17.02:190][  0]LogConfig: Applying CVar settings from Section [ShadowQuality@3] File [D:/Repositories/HolidayProject01_Ver02/HolidayProject_Ver2/Saved/Config/Windows/Scalability.ini]
[2019.01.10-09.17.02:190][  0]LogConfig: Setting CVar [[r.LightFunctionQuality:1]]
[2019.01.10-09.17.02:190][  0]LogConfig: Setting CVar [[r.ShadowQuality:5]]
[2019.01.10-09.17.02:190][  0]LogConfig: Setting CVar [[r.Shadow.CSM.MaxCascades:10]]
[2019.01.10-09.17.02:190][  0]LogConfig: Setting CVar [[r.Shadow.MaxResolution:2048]]
[2019.01.10-09.17.02:190][  0]LogConfig: Setting CVar [[r.Shadow.MaxCSMResolution:2048]]
[2019.01.10-09.17.02:190][  0]LogConfig: Setting CVar [[r.Shadow.RadiusThreshold:0.01]]
[2019.01.10-09.17.02:190][  0]LogConfig: Setting CVar [[r.Shadow.DistanceScale:1.0]]
[2019.01.10-09.17.02:190][  0]LogConfig: Setting CVar [[r.Shadow.CSM.TransitionScale:1.0]]
[2019.01.10-09.17.02:190][  0]LogConfig: Setting CVar [[r.Shadow.PreShadowResolutionFactor:1.0]]
[2019.01.10-09.17.02:190][  0]LogConfig: Setting CVar [[r.DistanceFieldShadowing:1]]
[2019.01.10-09.17.02:190][  0]LogConfig: Setting CVar [[r.DistanceFieldAO:1]]
[2019.01.10-09.17.02:190][  0]LogConfig: Setting CVar [[r.AOQuality:2]]
[2019.01.10-09.17.02:190][  0]LogConfig: Setting CVar [[r.VolumetricFog:1]]
[2019.01.10-09.17.02:190][  0]LogConfig: Setting CVar [[r.VolumetricFog.GridPixelSize:8]]
[2019.01.10-09.17.02:190][  0]LogConfig: Setting CVar [[r.VolumetricFog.GridSizeZ:128]]
[2019.01.10-09.17.02:190][  0]LogConfig: Setting CVar [[r.VolumetricFog.HistoryMissSupersampleCount:4]]
[2019.01.10-09.17.02:190][  0]LogConfig: Setting CVar [[r.LightMaxDrawDistanceScale:1]]
[2019.01.10-09.17.02:190][  0]LogConfig: Setting CVar [[r.CapsuleShadows:1]]
[2019.01.10-09.17.02:190][  0]LogConfig: Applying CVar settings from Section [PostProcessQuality@3] File [D:/Repositories/HolidayProject01_Ver02/HolidayProject_Ver2/Saved/Config/Windows/Scalability.ini]
[2019.01.10-09.17.02:190][  0]LogConfig: Setting CVar [[r.MotionBlurQuality:4]]
[2019.01.10-09.17.02:190][  0]LogConfig: Setting CVar [[r.AmbientOcclusionMipLevelFactor:0.4]]
[2019.01.10-09.17.02:190][  0]LogConfig: Setting CVar [[r.AmbientOcclusionMaxQuality:100]]
[2019.01.10-09.17.02:190][  0]LogConfig: Setting CVar [[r.AmbientOcclusionLevels:-1]]
[2019.01.10-09.17.02:190][  0]LogConfig: Setting CVar [[r.AmbientOcclusionRadiusScale:1.0]]
[2019.01.10-09.17.02:190][  0]LogConfig: Setting CVar [[r.DepthOfFieldQuality:2]]
[2019.01.10-09.17.02:190][  0]LogConfig: Setting CVar [[r.RenderTargetPoolMin:400]]
[2019.01.10-09.17.02:190][  0]LogConfig: Setting CVar [[r.LensFlareQuality:2]]
[2019.01.10-09.17.02:190][  0]LogConfig: Setting CVar [[r.SceneColorFringeQuality:1]]
[2019.01.10-09.17.02:190][  0]LogConfig: Setting CVar [[r.EyeAdaptationQuality:2]]
[2019.01.10-09.17.02:190][  0]LogConfig: Setting CVar [[r.BloomQuality:5]]
[2019.01.10-09.17.02:190][  0]LogConfig: Setting CVar [[r.FastBlurThreshold:100]]
[2019.01.10-09.17.02:190][  0]LogConfig: Setting CVar [[r.Upscale.Quality:3]]
[2019.01.10-09.17.02:190][  0]LogConfig: Setting CVar [[r.Tonemapper.GrainQuantization:1]]
[2019.01.10-09.17.02:190][  0]LogConfig: Setting CVar [[r.LightShaftQuality:1]]
[2019.01.10-09.17.02:190][  0]LogConfig: Setting CVar [[r.Filter.SizeScale:1]]
[2019.01.10-09.17.02:190][  0]LogConfig: Setting CVar [[r.Tonemapper.Quality:5]]
[2019.01.10-09.17.02:190][  0]LogConfig: Setting CVar [[r.DOF.Gather.AccumulatorQuality:1        ; higher gathering accumulator quality]]
[2019.01.10-09.17.02:190][  0]LogConfig: Setting CVar [[r.DOF.Gather.PostfilterMethod:1          ; Median3x3 postfilering method]]
[2019.01.10-09.17.02:190][  0]LogConfig: Setting CVar [[r.DOF.Gather.EnableBokehSettings:0       ; no bokeh simulation when gathering]]
[2019.01.10-09.17.02:190][  0]LogConfig: Setting CVar [[r.DOF.Gather.RingCount:4                 ; medium number of samples when gathering]]
[2019.01.10-09.17.02:190][  0]LogConfig: Setting CVar [[r.DOF.Scatter.ForegroundCompositing:1    ; additive foreground scattering]]
[2019.01.10-09.17.02:190][  0]LogConfig: Setting CVar [[r.DOF.Scatter.BackgroundCompositing:2    ; additive background scattering]]
[2019.01.10-09.17.02:190][  0]LogConfig: Setting CVar [[r.DOF.Scatter.EnableBokehSettings:1      ; bokeh simulation when scattering]]
[2019.01.10-09.17.02:190][  0]LogConfig: Setting CVar [[r.DOF.Scatter.MaxSpriteRatio:0.1         ; only a maximum of 10% of scattered bokeh]]
[2019.01.10-09.17.02:190][  0]LogConfig: Setting CVar [[r.DOF.Recombine.Quality:1                ; cheap slight out of focus]]
[2019.01.10-09.17.02:190][  0]LogConfig: Setting CVar [[r.DOF.Recombine.EnableBokehSettings:0    ; no bokeh simulation on slight out of focus]]
[2019.01.10-09.17.02:190][  0]LogConfig: Setting CVar [[r.DOF.TemporalAAQuality:1                ; more stable temporal accumulation]]
[2019.01.10-09.17.02:190][  0]LogConfig: Setting CVar [[r.DOF.Kernel.MaxForegroundRadius:0.025]]
[2019.01.10-09.17.02:190][  0]LogConfig: Setting CVar [[r.DOF.Kernel.MaxBackgroundRadius:0.025]]
[2019.01.10-09.17.02:190][  0]LogConfig: Applying CVar settings from Section [TextureQuality@3] File [D:/Repositories/HolidayProject01_Ver02/HolidayProject_Ver2/Saved/Config/Windows/Scalability.ini]
[2019.01.10-09.17.02:190][  0]LogConfig: Setting CVar [[r.Streaming.MipBias:0]]
[2019.01.10-09.17.02:190][  0]LogConfig: Setting CVar [[r.Streaming.AmortizeCPUToGPUCopy:0]]
[2019.01.10-09.17.02:190][  0]LogConfig: Setting CVar [[r.Streaming.MaxNumTexturesToStreamPerFrame:0]]
[2019.01.10-09.17.02:191][  0]LogConfig: Setting CVar [[r.Streaming.Boost:1]]
[2019.01.10-09.17.02:191][  0]LogConfig: Setting CVar [[r.MaxAnisotropy:8]]
[2019.01.10-09.17.02:191][  0]LogConfig: Setting CVar [[r.Streaming.LimitPoolSizeToVRAM:0]]
[2019.01.10-09.17.02:191][  0]LogConfig: Setting CVar [[r.Streaming.PoolSize:1000]]
[2019.01.10-09.17.02:191][  0]LogConfig: Setting CVar [[r.Streaming.MaxEffectiveScreenSize:0]]
[2019.01.10-09.17.02:191][  0]LogConfig: Applying CVar settings from Section [EffectsQuality@3] File [D:/Repositories/HolidayProject01_Ver02/HolidayProject_Ver2/Saved/Config/Windows/Scalability.ini]
[2019.01.10-09.17.02:191][  0]LogConfig: Setting CVar [[r.TranslucencyLightingVolumeDim:64]]
[2019.01.10-09.17.02:191][  0]LogConfig: Setting CVar [[r.RefractionQuality:2]]
[2019.01.10-09.17.02:191][  0]LogConfig: Setting CVar [[r.SSR.Quality:3]]
[2019.01.10-09.17.02:191][  0]LogConfig: Setting CVar [[r.SceneColorFormat:4]]
[2019.01.10-09.17.02:191][  0]LogConfig: Setting CVar [[r.DetailMode:2]]
[2019.01.10-09.17.02:191][  0]LogConfig: Setting CVar [[r.TranslucencyVolumeBlur:1]]
[2019.01.10-09.17.02:191][  0]LogConfig: Setting CVar [[r.MaterialQualityLevel:1 ; High quality]]
[2019.01.10-09.17.02:191][  0]LogConfig: Setting CVar [[r.SSS.Scale:1]]
[2019.01.10-09.17.02:191][  0]LogConfig: Setting CVar [[r.SSS.SampleSet:2]]
[2019.01.10-09.17.02:191][  0]LogConfig: Setting CVar [[r.SSS.Quality:1]]
[2019.01.10-09.17.02:191][  0]LogConfig: Setting CVar [[r.SSS.HalfRes:1]]
[2019.01.10-09.17.02:191][  0]LogConfig: Setting CVar [[r.EmitterSpawnRateScale:1.0]]
[2019.01.10-09.17.02:191][  0]LogConfig: Setting CVar [[r.ParticleLightQuality:2]]
[2019.01.10-09.17.02:191][  0]LogConfig: Applying CVar settings from Section [FoliageQuality@3] File [D:/Repositories/HolidayProject01_Ver02/HolidayProject_Ver2/Saved/Config/Windows/Scalability.ini]
[2019.01.10-09.17.02:191][  0]LogConfig: Setting CVar [[foliage.DensityScale:1.0]]
[2019.01.10-09.17.02:191][  0]LogConfig: Setting CVar [[grass.DensityScale:1.0]]
[2019.01.10-09.17.02:191][  0]LogConfig: Applying CVar settings from Section [Startup] File [../../../Engine/Config/ConsoleVariables.ini]
[2019.01.10-09.17.02:191][  0]LogConfig: Setting CVar [[net.UseAdaptiveNetUpdateFrequency:0]]
[2019.01.10-09.17.02:191][  0]LogConfig: Applying CVar settings from Section [ConsoleVariables] File [D:/Repositories/HolidayProject01_Ver02/HolidayProject_Ver2/Saved/Config/Windows/Engine.ini]
[2019.01.10-09.17.02:191][  0]LogInit: Computer: DESKTOP-0IMCSMM
[2019.01.10-09.17.02:191][  0]LogInit: User: Shiyon
[2019.01.10-09.17.02:191][  0]LogInit: CPU Page size=4096, Cores=4
[2019.01.10-09.17.02:191][  0]LogInit: High frequency timer resolution =2.531252 MHz
[2019.01.10-09.17.02:192][  0]LogMemory: Memory total: Physical=15.8GB (16GB approx)
[2019.01.10-09.17.02:192][  0]LogMemory: Platform Memory Stats for Windows
[2019.01.10-09.17.02:192][  0]LogMemory: Process Physical Memory: 102.92 MB used, 102.92 MB peak
[2019.01.10-09.17.02:192][  0]LogMemory: Process Virtual Memory: 89.72 MB used, 89.72 MB peak
[2019.01.10-09.17.02:192][  0]LogMemory: Physical Memory: 5960.36 MB used,  10267.42 MB free, 16227.79 MB total
[2019.01.10-09.17.02:192][  0]LogMemory: Virtual Memory: 4646.41 MB used,  134213080.00 MB free, 134217728.00 MB total
[2019.01.10-09.17.02:212][  0]LogInit: Using OS detected language (en-US).
[2019.01.10-09.17.02:212][  0]LogInit: Using OS detected locale (en-US).
[2019.01.10-09.17.02:213][  0]LogTextLocalizationManager: No specific localization for 'en-US' exists, so the 'en' localization will be used.
[2019.01.10-09.17.02:687][  0]LogStreaming: Display: Took  0.474s to InitEngineTextLocalization.
[2019.01.10-09.17.02:687][  0]LogInit: Setting process to per monitor DPI aware
[2019.01.10-09.17.02:779][  0]LogSlate: New Slate User Created.  User Index 0, Is Virtual User: 0
[2019.01.10-09.17.02:779][  0]LogSlate: Slate User Registered.  User Index 0, Is Virtual User: 0
[2019.01.10-09.17.03:052][  0]LogHMD: Failed to initialize OpenVR with code 110
[2019.01.10-09.17.03:052][  0]LogD3D11RHI: D3D11 adapters:
[2019.01.10-09.17.03:135][  0]LogD3D11RHI:    0. 'NVIDIA GeForce GTX 960M' (Feature Level 11_0)
[2019.01.10-09.17.03:135][  0]LogD3D11RHI:       4055/0/8113 MB DedicatedVideo/DedicatedSystem/SharedSystem, Outputs:1, VendorId:0x10de
[2019.01.10-09.17.03:159][  0]LogD3D11RHI:    1. 'Intel(R) HD Graphics 530' (Feature Level 11_0)
[2019.01.10-09.17.03:159][  0]LogD3D11RHI:       128/0/8113 MB DedicatedVideo/DedicatedSystem/SharedSystem, Outputs:0, VendorId:0x8086
[2019.01.10-09.17.03:161][  0]LogD3D11RHI:    2. 'Microsoft Basic Render Driver' (Feature Level 11_0)
[2019.01.10-09.17.03:161][  0]LogD3D11RHI:       0/0/8113 MB DedicatedVideo/DedicatedSystem/SharedSystem, Outputs:0, VendorId:0x1414
[2019.01.10-09.17.03:161][  0]LogD3D11RHI: Chosen D3D11 Adapter: 0
[2019.01.10-09.17.03:204][  0]LogD3D11RHI: Creating new Direct3DDevice
[2019.01.10-09.17.03:205][  0]LogD3D11RHI:     GPU DeviceId: 0x139b (for the marketing name, search the web for "GPU Device Id")
[2019.01.10-09.17.03:205][  0]LogWindows: EnumDisplayDevices:
[2019.01.10-09.17.03:205][  0]LogWindows:    0. 'Intel(R) HD Graphics 530' (P:1 D:1)
[2019.01.10-09.17.03:205][  0]LogWindows:    1. 'Intel(R) HD Graphics 530' (P:0 D:0)
[2019.01.10-09.17.03:205][  0]LogWindows:    2. 'Intel(R) HD Graphics 530' (P:0 D:0)
[2019.01.10-09.17.03:206][  0]LogWindows: DebugString: PrimaryIsNotTheChoosenAdapter PrimaryIsNotTheChoosenAdapter PrimaryIsNotTheChoosenAdapter FoundDriverCount:0 
[2019.01.10-09.17.03:206][  0]LogD3D11RHI:     Adapter Name: NVIDIA GeForce GTX 960M
[2019.01.10-09.17.03:206][  0]LogD3D11RHI:   Driver Version: Unknown (internal:Unknown, unified:Unknown)
[2019.01.10-09.17.03:206][  0]LogD3D11RHI:      Driver Date: Unknown
[2019.01.10-09.17.03:206][  0]LogRHI: Texture pool is 2839 MB (70% of 4055 MB)
[2019.01.10-09.17.03:250][  0]LogD3D11RHI: Async texture creation enabled
[2019.01.10-09.17.03:270][  0]LogD3D11RHI: GPU Timing Frequency: 1000.000000 (Debug: 2 2)
[2019.01.10-09.17.03:786][  0]LogTemp: Display: Loaded TP AllDesktopTargetPlatform
[2019.01.10-09.17.03:801][  0]LogTemp: Display: Loaded TP MacClientTargetPlatform
[2019.01.10-09.17.03:813][  0]LogTemp: Display: Loaded TP MacNoEditorTargetPlatform
[2019.01.10-09.17.03:826][  0]LogTemp: Display: Loaded TP MacServerTargetPlatform
[2019.01.10-09.17.03:842][  0]LogTemp: Display: Loaded TP MacTargetPlatform
[2019.01.10-09.17.03:856][  0]LogTemp: Display: Loaded TP WindowsClientTargetPlatform
[2019.01.10-09.17.03:876][  0]LogTemp: Display: Loaded TP WindowsNoEditorTargetPlatform
[2019.01.10-09.17.03:891][  0]LogTemp: Display: Loaded TP WindowsServerTargetPlatform
[2019.01.10-09.17.03:896][  0]LogTemp: Display: Loaded TP WindowsTargetPlatform
[2019.01.10-09.17.03:992][  0]LogTemp: Display: Loaded TP AndroidTargetPlatform
[2019.01.10-09.17.03:992][  0]LogTemp: Display: Loaded TP AndroidTargetPlatform
[2019.01.10-09.17.03:992][  0]LogTemp: Display: Loaded TP AndroidTargetPlatform
[2019.01.10-09.17.03:992][  0]LogTemp: Display: Loaded TP AndroidTargetPlatform
[2019.01.10-09.17.03:992][  0]LogTemp: Display: Loaded TP AndroidTargetPlatform
[2019.01.10-09.17.03:992][  0]LogTemp: Display: Loaded TP AndroidTargetPlatform
[2019.01.10-09.17.03:992][  0]LogTemp: Display: Loaded TP AndroidTargetPlatform
[2019.01.10-09.17.03:992][  0]LogTemp: Display: Loaded TP AndroidTargetPlatform
[2019.01.10-09.17.03:992][  0]LogTemp: Display: Loaded TP AndroidTargetPlatform
[2019.01.10-09.17.03:992][  0]LogTemp: Display: Loaded TP AndroidTargetPlatform
[2019.01.10-09.17.03:992][  0]LogTemp: Display: Loaded TP AndroidTargetPlatform
[2019.01.10-09.17.03:992][  0]LogTemp: Display: Loaded TP AndroidTargetPlatform
[2019.01.10-09.17.03:992][  0]LogTemp: Display: Loaded TP AndroidTargetPlatform
[2019.01.10-09.17.03:992][  0]LogTemp: Display: Loaded TP AndroidTargetPlatform
[2019.01.10-09.17.03:992][  0]LogTemp: Display: Loaded TP AndroidTargetPlatform
[2019.01.10-09.17.03:992][  0]LogTemp: Display: Loaded TP AndroidTargetPlatform
[2019.01.10-09.17.03:992][  0]LogTemp: Display: Loaded TP AndroidTargetPlatform
[2019.01.10-09.17.03:992][  0]LogTemp: Display: Loaded TP AndroidTargetPlatform
[2019.01.10-09.17.03:993][  0]LogTemp: Display: Loaded TP HTML5TargetPlatform
[2019.01.10-09.17.04:061][  0]LogTemp: Display: Loaded TP IOSTargetPlatform
[2019.01.10-09.17.04:061][  0]LogTemp: Display: Loaded TP IOSTargetPlatform
[2019.01.10-09.17.04:091][  0]LogTemp: Display: Loaded TP TVOSTargetPlatform
[2019.01.10-09.17.04:091][  0]LogTemp: Display: Loaded TP TVOSTargetPlatform
[2019.01.10-09.17.04:107][  0]LogTemp: Display: Loaded TP LinuxClientTargetPlatform
[2019.01.10-09.17.04:121][  0]LogTemp: Display: Loaded TP LinuxNoEditorTargetPlatform
[2019.01.10-09.17.04:134][  0]LogTemp: Display: Loaded TP LinuxServerTargetPlatform
[2019.01.10-09.17.04:147][  0]LogTemp: Display: Loaded TP LinuxTargetPlatform
[2019.01.10-09.17.04:194][  0]LogTemp: Display: Loaded TP LuminTargetPlatform
[2019.01.10-09.17.04:195][  0]LogTemp: Display: Loaded TP LuminTargetPlatform
[2019.01.10-09.17.04:195][  0]LogTargetPlatformManager: Display: Building Assets For Windows
[2019.01.10-09.17.04:241][  0]LogShaderCompilers: Guid format shader working directory is -24 characters bigger than the processId version (../../../../../Repositories/HolidayProject01_Ver02/HolidayProject_Ver2/Intermediate/Shaders/WorkingDirectory/13716/).
[2019.01.10-09.17.04:241][  0]LogShaderCompilers: Cleaned the shader compiler working directory 'C:/Users/Shiyon/AppData/Local/Temp/UnrealShaderWorkingDir/1F8331F94360D6AC3901BBA220084540/'.
[2019.01.10-09.17.04:243][  0]LogXGEController: Cannot use XGE Controller as Incredibuild is not installed on this machine.
[2019.01.10-09.17.04:243][  0]LogShaderCompilers: Cannot use XGE Shader Compiler as Incredibuild is not installed on this machine.
[2019.01.10-09.17.04:243][  0]LogShaderCompilers: Display: Using Local Shader Compiler.
[2019.01.10-09.17.04:901][  0]LogDerivedDataCache: Display: Max Cache Size: 512 MB
[2019.01.10-09.17.04:961][  0]LogDerivedDataCache: Loaded boot cache 0.06s 71MB C:/Users/Shiyon/AppData/Local/UnrealEngine/4.21/DerivedDataCache/Boot.ddc.
[2019.01.10-09.17.04:961][  0]LogDerivedDataCache: Display: Loaded Boot cache: C:/Users/Shiyon/AppData/Local/UnrealEngine/4.21/DerivedDataCache/Boot.ddc
[2019.01.10-09.17.04:961][  0]LogDerivedDataCache: FDerivedDataBackendGraph:  Pak pak cache file ../../../../../Repositories/HolidayProject01_Ver02/HolidayProject_Ver2/DerivedDataCache/DDC.ddp not found, will not use a pak cache.
[2019.01.10-09.17.04:961][  0]LogDerivedDataCache: Unable to find inner node Pak for hierarchical cache Hierarchy.
[2019.01.10-09.17.04:961][  0]LogDerivedDataCache: FDerivedDataBackendGraph:  CompressedPak pak cache file ../../../../../Repositories/HolidayProject01_Ver02/HolidayProject_Ver2/DerivedDataCache/Compressed.ddp not found, will not use a pak cache.
[2019.01.10-09.17.04:961][  0]LogDerivedDataCache: Unable to find inner node CompressedPak for hierarchical cache Hierarchy.
[2019.01.10-09.17.04:976][  0]LogDerivedDataCache: Display: Pak cache opened for reading ../../../Engine/DerivedDataCache/Compressed.ddp.
[2019.01.10-09.17.04:977][  0]LogDerivedDataCache: FDerivedDataBackendGraph:  EnterprisePak pak cache file ../../../Enterprise/DerivedDataCache/Compressed.ddp not found, will not use a pak cache.
[2019.01.10-09.17.04:977][  0]LogDerivedDataCache: Unable to find inner node EnterprisePak for hierarchical cache Hierarchy.
[2019.01.10-09.17.04:989][  0]LogDerivedDataCache: Using Local data cache path C:/Users/Shiyon/AppData/Local/UnrealEngine/Common/DerivedDataCache: Writable
[2019.01.10-09.17.04:989][  0]LogDerivedDataCache: Shared data cache path not found in *engine.ini, will not use an Shared cache.
[2019.01.10-09.17.04:989][  0]LogDerivedDataCache: Unable to find inner node Shared for hierarchical cache Hierarchy.
[2019.01.10-09.17.05:024][  0]LogMaterial: Verifying Global Shaders for PCD3D_SM5
[2019.01.10-09.17.05:025][  0]LogSlate: Using FreeType 2.6.0
[2019.01.10-09.17.05:026][  0]LogSlate: SlateFontServices - WITH_FREETYPE: 1, WITH_HARFBUZZ: 1
[2019.01.10-09.17.05:130][  0]LogAssetRegistry: FAssetRegistry took 0.0355 seconds to start up
[2019.01.10-09.17.05:536][  0]LogInit: Selected Device Profile: [Windows]
[2019.01.10-09.17.05:709][  0]LogSimplygon: Simplygon DLL not present - disabling.
[2019.01.10-09.17.05:712][  0]LogMeshReduction: Using SimplygonSwarm for distributed automatic mesh merging
[2019.01.10-09.17.05:712][  0]LogMeshReduction: Using ProxyLODMeshReduction for automatic mesh merging
[2019.01.10-09.17.05:712][  0]LogMeshReduction: Using QuadricMeshReduction for automatic static mesh reduction
[2019.01.10-09.17.05:712][  0]LogMeshReduction: No automatic skeletal mesh reduction module available
[2019.01.10-09.17.05:727][  0]LogNetVersion: HolidayProject_Ver2 1.0.0, NetCL: 4541578, EngineNetVer: 5, GameNetVer: 0 (Checksum: 3890939626)
[2019.01.10-09.17.06:415][  0]LogPackageLocalizationCache: Processed 11 localized package path(s) for 2 prioritized culture(s) in 0.135901 seconds
[2019.01.10-09.17.06:425][  0]LogUObjectArray: 39775 objects as part of root set at end of initial load.
[2019.01.10-09.17.06:425][  0]LogUObjectAllocator: 6914656 out of 0 bytes used by permanent object pool.
[2019.01.10-09.17.06:425][  0]LogUObjectArray: CloseDisregardForGC: 0/0 objects in disregard for GC pool
[2019.01.10-09.17.07:423][  0]LogTcpMessaging: Initializing TcpMessaging bridge
[2019.01.10-09.17.07:457][  0]LogUdpMessaging: Initializing bridge on interface 0.0.0.0:0 to multicast group 230.0.0.1:6666.
[2019.01.10-09.17.08:301][  0]SourceControl: Source control is disabled
[2019.01.10-09.17.08:301][  0]SourceControl: Source control is disabled
[2019.01.10-09.17.08:302][  0]SourceControl: Source control is disabled
[2019.01.10-09.17.08:303][  0]SourceControl: Source control is disabled
[2019.01.10-09.17.08:501][  0]LogAndroidPermission: UAndroidPermissionCallbackProxy::GetInstance
[2019.01.10-09.17.08:562][  0]LogOcInput: OculusInput pre-init called
[2019.01.10-09.17.08:699][  0]LogEngine: Initializing Engine...
[2019.01.10-09.17.08:700][  0]LogHMD: Failed to initialize OpenVR with code 110
[2019.01.10-09.17.08:701][  0]LogStats: UGameplayTagsManager::ConstructGameplayTagTree: ImportINI prefixes -  0.000 s
[2019.01.10-09.17.08:701][  0]LogStats: UGameplayTagsManager::ConstructGameplayTagTree: Construct from data asset -  0.000 s
[2019.01.10-09.17.08:701][  0]LogStats: UGameplayTagsManager::ConstructGameplayTagTree: ImportINI -  0.000 s
[2019.01.10-09.17.08:701][  0]LogStats: UGameplayTagsManager::ConstructGameplayTagTree: GameplayTagTreeChangedEvent.Broadcast -  0.000 s
[2019.01.10-09.17.08:982][  0]LogInit: Initializing FReadOnlyCVARCache
[2019.01.10-09.17.08:993][  0]LogAIModule: Creating AISystem for world Untitled
[2019.01.10-09.17.09:024][  0]LogInit: XAudio2 using 'Speakers (Realtek High Definition Audio)' : 2 channels at 48 kHz using 32 bits per sample (channel mask 0x3)
[2019.01.10-09.17.09:042][  0]LogInit: FAudioDevice initialized.
[2019.01.10-09.17.09:042][  0]LogNetVersion: Set ProjectVersion to 1.0.0.0. Version Checksum will be recalculated on next use.
[2019.01.10-09.17.09:251][  0]LogDerivedDataCache: Saved boot cache 0.21s 71MB C:/Users/Shiyon/AppData/Local/UnrealEngine/4.21/DerivedDataCache/Boot.ddc.
[2019.01.10-09.17.09:256][  0]LogInit: Texture streaming: Enabled
[2019.01.10-09.17.09:268][  0]LogEngineSessionManager: EngineSessionManager initialized
[2019.01.10-09.17.09:289][  0]LogInit: Transaction tracking system initialized
[2019.01.10-09.17.09:308][  0]BlueprintLog: New page: Editor Load
[2019.01.10-09.17.09:436][  0]LocalizationService: Localization service is disabled
[2019.01.10-09.17.10:012][  0]LogFileCache: Scanning file cache for directory 'D:/Repositories/HolidayProject01_Ver02/HolidayProject_Ver2/Content/' took 0.01s
[2019.01.10-09.17.10:012][  0]LogCook: Display: Max memory allowance for cook 16384mb min free memory 0mb
[2019.01.10-09.17.10:012][  0]LogCook: Display: Mobile HDR setting 1
[2019.01.10-09.17.10:012][  0]LogGameplayTags: Display: UGameplayTagsManager::DoneAddingNativeTags. DelegateIsBound: 0
[2019.01.10-09.17.10:012][  0]LogStats: UGameplayTagsManager::ConstructGameplayTagTree: ImportINI prefixes -  0.000 s
[2019.01.10-09.17.10:012][  0]LogStats: UGameplayTagsManager::ConstructGameplayTagTree: Construct from data asset -  0.000 s
[2019.01.10-09.17.10:012][  0]LogStats: UGameplayTagsManager::ConstructGameplayTagTree: ImportINI -  0.000 s
[2019.01.10-09.17.10:012][  0]LogStats: UGameplayTagsManager::ConstructGameplayTagTree: GameplayTagTreeChangedEvent.Broadcast -  0.000 s
[2019.01.10-09.17.10:140][  0]SourceControl: Source control is disabled
[2019.01.10-09.17.10:140][  0]Cmd: MAP LOAD FILE="../../../Engine/Content/Maps/Templates/Template_Default.umap" TEMPLATE=1 SHOWPROGRESS=1 FEATURELEVEL=3
[2019.01.10-09.17.10:140][  0]LightingResults: New page: Lighting Build
[2019.01.10-09.17.10:143][  0]MapCheck: New page: Map Check
[2019.01.10-09.17.10:143][  0]LightingResults: New page: Lighting Build
[2019.01.10-09.17.10:341][  0]LogAIModule: Creating AISystem for world Untitled_1
[2019.01.10-09.17.10:351][  0]LogEditorServer: Finished looking for orphan Actors (0.000 secs)
[2019.01.10-09.17.10:377][  0]Cmd: MAP CHECKDEP NOCLEARLOG
[2019.01.10-09.17.10:377][  0]MapCheck: Map check complete: 0 Error(s), 0 Warning(s), took 0.113ms to complete.
[2019.01.10-09.17.10:377][  0]LogFileHelpers: Loading map 'Template_Default' took 0.238
[2019.01.10-09.17.10:491][  0]LogSlate: Updating window title bar state: overlay mode, drag disabled, window buttons hidden, title bar hidden
[2019.01.10-09.17.10:499][  0]LogSlate: Updating window title bar state: overlay mode, drag disabled, window buttons hidden, title bar hidden
[2019.01.10-09.17.10:508][  0]LogSlate: Updating window title bar state: overlay mode, drag disabled, window buttons hidden, title bar hidden
[2019.01.10-09.17.10:516][  0]LogSlate: Updating window title bar state: overlay mode, drag disabled, window buttons hidden, title bar hidden
[2019.01.10-09.17.10:521][  0]LogCollectionManager: Loaded 0 collections in 0.001450 seconds
[2019.01.10-09.17.10:579][  0]LogFileCache: Scanning file cache for directory 'D:/Repositories/HolidayProject01_Ver02/HolidayProject_Ver2/Saved/Collections/' took 0.01s
[2019.01.10-09.17.10:579][  0]LogFileCache: Scanning file cache for directory 'D:/Repositories/HolidayProject01_Ver02/HolidayProject_Ver2/Content/Developers/Shiyon/Collections/' took 0.01s
[2019.01.10-09.17.10:579][  0]LogFileCache: Scanning file cache for directory 'D:/Repositories/HolidayProject01_Ver02/HolidayProject_Ver2/Content/Collections/' took 0.01s
[2019.01.10-09.17.10:579][  0]LogCollectionManager: Rebuilt the GUID cache for 0 collections in 0.000000 seconds
[2019.01.10-09.17.10:593][  0]LogContentBrowser: Native class hierarchy populated in 0.0140 seconds. Added 2652 classes and 622 folders.
[2019.01.10-09.17.10:602][  0]LogContentBrowser: Native class hierarchy updated for 'WidgetCarousel' in 0.0003 seconds. Added 0 classes and 0 folders.
[2019.01.10-09.17.10:603][  0]LogPakFile: Registered encryption key '00000000000000000000000000000000': 0 pak files mounted, 0 remain pending
[2019.01.10-09.17.10:604][  0]LogPakFile: Registered encryption key '00000000000000000000000000000000': 0 pak files mounted, 0 remain pending
[2019.01.10-09.17.10:604][  0]LogPakFile: Registered encryption key '00000000000000000000000000000000': 0 pak files mounted, 0 remain pending
[2019.01.10-09.17.10:604][  0]LogPakFile: Registered encryption key '00000000000000000000000000000000': 0 pak files mounted, 0 remain pending
[2019.01.10-09.17.10:605][  0]LogPakFile: Registered encryption key '00000000000000000000000000000000': 0 pak files mounted, 0 remain pending
[2019.01.10-09.17.10:605][  0]LogPakFile: Registered encryption key '00000000000000000000000000000000': 0 pak files mounted, 0 remain pending
[2019.01.10-09.17.10:606][  0]LogPakFile: Registered encryption key '00000000000000000000000000000000': 0 pak files mounted, 0 remain pending
[2019.01.10-09.17.10:606][  0]LogPakFile: Registered encryption key '00000000000000000000000000000000': 0 pak files mounted, 0 remain pending
[2019.01.10-09.17.10:607][  0]LogPakFile: Registered encryption key '00000000000000000000000000000000': 0 pak files mounted, 0 remain pending
[2019.01.10-09.17.10:607][  0]LogPakFile: Registered encryption key '00000000000000000000000000000000': 0 pak files mounted, 0 remain pending
[2019.01.10-09.17.10:607][  0]LogPakFile: Registered encryption key '00000000000000000000000000000000': 0 pak files mounted, 0 remain pending
[2019.01.10-09.17.10:608][  0]LogPakFile: Registered encryption key '00000000000000000000000000000000': 0 pak files mounted, 0 remain pending
[2019.01.10-09.17.10:608][  0]LogPakFile: Registered encryption key '00000000000000000000000000000000': 0 pak files mounted, 0 remain pending
[2019.01.10-09.17.10:609][  0]LogPakFile: Registered encryption key '00000000000000000000000000000000': 0 pak files mounted, 0 remain pending
[2019.01.10-09.17.10:609][  0]LogPakFile: Registered encryption key '00000000000000000000000000000000': 0 pak files mounted, 0 remain pending
[2019.01.10-09.17.10:610][  0]LogPakFile: Registered encryption key '00000000000000000000000000000000': 0 pak files mounted, 0 remain pending
[2019.01.10-09.17.10:610][  0]LogPakFile: Registered encryption key '00000000000000000000000000000000': 0 pak files mounted, 0 remain pending
[2019.01.10-09.17.10:610][  0]LogPakFile: Registered encryption key '00000000000000000000000000000000': 0 pak files mounted, 0 remain pending
[2019.01.10-09.17.10:611][  0]LogPakFile: Registered encryption key '00000000000000000000000000000000': 0 pak files mounted, 0 remain pending
[2019.01.10-09.17.10:611][  0]LogPakFile: Registered encryption key '00000000000000000000000000000000': 0 pak files mounted, 0 remain pending
[2019.01.10-09.17.10:612][  0]LogPakFile: Registered encryption key '00000000000000000000000000000000': 0 pak files mounted, 0 remain pending
[2019.01.10-09.17.10:612][  0]LogPakFile: Registered encryption key '00000000000000000000000000000000': 0 pak files mounted, 0 remain pending
[2019.01.10-09.17.10:613][  0]LogPakFile: Registered encryption key '00000000000000000000000000000000': 0 pak files mounted, 0 remain pending
[2019.01.10-09.17.10:614][  0]LogPakFile: Registered encryption key '00000000000000000000000000000000': 0 pak files mounted, 0 remain pending
[2019.01.10-09.17.10:614][  0]LogPakFile: Registered encryption key '00000000000000000000000000000000': 0 pak files mounted, 0 remain pending
[2019.01.10-09.17.10:615][  0]LogPakFile: Registered encryption key '00000000000000000000000000000000': 0 pak files mounted, 0 remain pending
[2019.01.10-09.17.10:647][  0]LogContentBrowser: Native class hierarchy updated for 'AddContentDialog' in 0.0004 seconds. Added 0 classes and 0 folders.
[2019.01.10-09.17.10:651][  0]LogContentBrowser: Native class hierarchy updated for 'SceneOutliner' in 0.0005 seconds. Added 1 classes and 2 folders.
[2019.01.10-09.17.10:725][  0]LogSlate: Took 0.000159 seconds to synchronously load lazily loaded font '../../../Engine/Content/Slate/Fonts/Roboto-Regular.ttf' (155K)
[2019.01.10-09.17.10:729][  0]LogSlate: Took 0.000241 seconds to synchronously load lazily loaded font '../../../Engine/Content/Slate/Fonts/Roboto-Bold.ttf' (160K)
[2019.01.10-09.17.10:736][  0]LogSlate: Took 0.000162 seconds to synchronously load lazily loaded font '../../../Engine/Content/Editor/Slate/Fonts/FontAwesome.ttf' (139K)
[2019.01.10-09.17.10:835][  0]LogRenderer: Reallocating scene render targets to support 980x436 Format 10 NumSamples 1 (Frame:1).
[2019.01.10-09.17.10:994][  0]LogContentBrowser: Native class hierarchy updated for 'HierarchicalLODOutliner' in 0.0004 seconds. Added 0 classes and 0 folders.
[2019.01.10-09.17.10:994][  0]LogLoad: (Engine Initialization) Total time: 12.94 seconds
[2019.01.10-09.17.10:994][  0]LogLoad: (Engine Initialization) Total Blueprint compile time: 0.00 seconds
[2019.01.10-09.17.11:013][  0]LogWindowsTextInputMethodSystem: Display: IME system now deactivated.
[2019.01.10-09.17.11:078][  0]LogContentStreaming: Texture pool size now 1000 MB
[2019.01.10-09.17.33:975][358]LogAssetRegistry: Asset discovery search completed in 28.8686 seconds
[2019.01.10-09.17.33:977][358]LogCollectionManager: Rebuilt the object cache for 0 collections in 0.000000 seconds (found 0 objects)
[2019.01.10-09.17.33:977][358]LogCollectionManager: Fixed up redirectors for 0 collections in 0.000062 seconds (updated 0 objects)
[2019.01.10-09.22.55:075][765]LogSlate: FSceneViewport::OnFocusLost() reason 2
[2019.01.10-09.23.01:232][113]LogSlate: Took 0.000283 seconds to synchronously load lazily loaded font '../../../Engine/Content/Slate/Fonts/Roboto-Light.ttf' (167K)
[2019.01.10-09.23.09:812][627]LogSlate: Took 0.000249 seconds to synchronously load lazily loaded font '../../../Engine/Content/Slate/Fonts/Roboto-Light.ttf' (167K)
[2019.01.10-09.23.09:902][627]LogSlate: Took 0.032606 seconds to synchronously load lazily loaded font '../../../Engine/Content/Slate/Fonts/Roboto-BoldCondensed.ttf' (158K)
[2019.01.10-09.25.53:134][381]Running D:/Unreal/UE_4.21/Engine/Binaries/DotNET/UnrealBuildTool.exe Win64 Development -TargetType=Editor -Project="D:/Repositories/HolidayProject01_Ver02/HolidayProject_Ver2/HolidayProject_Ver2.uproject" -invalidatemakefilesonly
[2019.01.10-09.25.54:024][381]Invalidating makefiles only in this run.
[2019.01.10-09.25.54:157][381]Candidate modules for hot reload:
[2019.01.10-09.25.54:157][381]  HolidayProject_Ver2
[2019.01.10-09.25.54:157][381]Launching UnrealBuildTool... [D:/Unreal/UE_4.21/Engine/Binaries/DotNET/UnrealBuildTool.exe  -ModuleWithSuffix=HolidayProject_Ver2,4080 Win64 Development -TargetType=Editor -Project="../../../../../Repositories/HolidayProject01_Ver02/HolidayProject_Ver2/HolidayProject_Ver2.uproject" -canskiplink "D:/Repositories/HolidayProject01_Ver02/HolidayProject_Ver2/HolidayProject_Ver2.uproject" ]
[2019.01.10-09.26.14:603][381]CompilerResultsLog: New page: Compilation - Jan 11, 2019, 3:26:14 AM
[2019.01.10-09.26.14:603][381]CompilerResultsLog: Performing full C++ include scan (hot reloading a new target)
[2019.01.10-09.26.14:603][381]CompilerResultsLog: Using 'git status' to determine working set for adaptive non-unity build (D:\Repositories\HolidayProject01_Ver02).
[2019.01.10-09.26.14:604][381]CompilerResultsLog: Creating makefile for hot reloading HolidayProject_Ver2Editor (no existing makefile)
[2019.01.10-09.26.14:604][381]CompilerResultsLog: Compiling game modules for hot reload
[2019.01.10-09.26.14:604][381]CompilerResultsLog: Using Visual Studio 2017 14.16.27023 toolchain (E:\Microsoft Visual Studio\Visual Studio\VC\Tools\MSVC\14.16.27023) and Windows 10.0.17763.0 SDK (E:\Windows Kits\10).
[2019.01.10-09.26.14:604][381]CompilerResultsLog: Parsing headers for HolidayProject_Ver2Editor
[2019.01.10-09.26.14:604][381]CompilerResultsLog:   Running UnrealHeaderTool "D:\Repositories\HolidayProject01_Ver02\HolidayProject_Ver2\HolidayProject_Ver2.uproject" "D:\Repositories\HolidayProject01_Ver02\HolidayProject_Ver2\Intermediate\Build\Win64\HolidayProject_Ver2Editor\Development\HolidayProject_Ver2Editor.uhtmanifest" -LogCmds="loginit warning, logexit warning, logdatabase error" -Unattended -WarningsAsErrors -installed
[2019.01.10-09.26.14:604][381]CompilerResultsLog: Reflection code generated for HolidayProject_Ver2Editor in 11.5606399 seconds
[2019.01.10-09.26.14:604][381]CompilerResultsLog: Building 8 actions with 8 processes...
[2019.01.10-09.26.14:604][381]CompilerResultsLog:   [1/8] HolidayProject_Ver2.cpp
[2019.01.10-09.26.14:604][381]CompilerResultsLog:   [2/8] HolidayProject_Ver2.init.gen.cpp
[2019.01.10-09.26.14:604][381]CompilerResultsLog:   [3/8] MyPlayerCharacter.cpp
[2019.01.10-09.26.14:604][381]CompilerResultsLog:   [4/8] HolidayProject_Ver2GameModeBase.cpp
[2019.01.10-09.26.14:604][381]CompilerResultsLog:   [5/8] HolidayProject_Ver2GameModeBase.gen.cpp
[2019.01.10-09.26.14:604][381]CompilerResultsLog:   [6/8] MyPlayerCharacter.gen.cpp
[2019.01.10-09.26.14:604][381]CompilerResultsLog:   [7/8] UE4Editor-HolidayProject_Ver2-4080.lib
[2019.01.10-09.26.14:604][381]CompilerResultsLog:      Creating library D:\Repositories\HolidayProject01_Ver02\HolidayProject_Ver2\Intermediate\Build\Win64\UE4Editor\Development\HolidayProject_Ver2\UE4Editor-HolidayProject_Ver2-4080.lib and object D:\Repositories\HolidayProject01_Ver02\HolidayProject_Ver2\Intermediate\Build\Win64\UE4Editor\Development\HolidayProject_Ver2\UE4Editor-HolidayProject_Ver2-4080.exp
[2019.01.10-09.26.14:604][381]CompilerResultsLog:   [8/8] UE4Editor-HolidayProject_Ver2-4080.dll
[2019.01.10-09.26.14:604][381]CompilerResultsLog:      Creating library D:\Repositories\HolidayProject01_Ver02\HolidayProject_Ver2\Intermediate\Build\Win64\UE4Editor\Development\HolidayProject_Ver2\UE4Editor-HolidayProject_Ver2-4080.suppressed.lib and object D:\Repositories\HolidayProject01_Ver02\HolidayProject_Ver2\Intermediate\Build\Win64\UE4Editor\Development\HolidayProject_Ver2\UE4Editor-HolidayProject_Ver2-4080.suppressed.exp
[2019.01.10-09.26.14:604][381]CompilerResultsLog: Total build time: 20.07 seconds (Parallel executor: 3.10 seconds)
[2019.01.10-09.26.14:604][381]LogMainFrame: MainFrame: Module compiling took 20.450 seconds
[2019.01.10-09.26.14:675][381]LogClass: Could not find existing class MyPlayerCharacter in package /Script/HolidayProject_Ver2 for HotReload, assuming new class
[2019.01.10-09.26.14:676][381]LogContentBrowser: Native class hierarchy updated for 'HolidayProject_Ver2' in 0.0004 seconds. Added 2 classes and 2 folders.
[2019.01.10-09.26.14:678][381]Display: HotReload successful (0 functions remapped  0 scriptstructs remapped)
[2019.01.10-09.26.14:813][381]LogContentBrowser: Native class hierarchy populated in 0.0097 seconds. Added 2654 classes and 624 folders.
[2019.01.10-09.26.14:813][381]Display: HotReload took 20.7s.
[2019.01.10-09.26.14:815][381]Warning: HotReload operation took 20.7s.
[2019.01.10-09.26.15:950][381]LogSlate: Window 'Add C++ Class' being destroyed
[2019.01.10-09.26.15:957][381]LogHotReload: New module detected: UE4Editor-HolidayProject_Ver2-4080.dll
[2019.01.10-09.26.16:018][382]LogHotReload: Starting Hot-Reload from IDE
[2019.01.10-09.26.16:076][382]LogContentBrowser: Native class hierarchy updated for 'HolidayProject_Ver2' in 0.0004 seconds. Added 2 classes and 2 folders.
[2019.01.10-09.26.16:078][382]Display: HotReload successful (0 functions remapped  0 scriptstructs remapped)
[2019.01.10-09.26.16:122][382]LogContentBrowser: Native class hierarchy populated in 0.0139 seconds. Added 2654 classes and 624 folders.
[2019.01.10-09.26.16:125][382]Display: HotReload took  0.1s.
[2019.01.10-09.27.40:821][912]Running D:/Unreal/UE_4.21/Engine/Binaries/DotNET/UnrealBuildTool.exe Win64 Development -TargetType=Editor -Project="D:/Repositories/HolidayProject01_Ver02/HolidayProject_Ver2/HolidayProject_Ver2.uproject" -invalidatemakefilesonly
[2019.01.10-09.27.41:652][912]Invalidating makefiles only in this run.
[2019.01.10-09.27.41:780][912]Candidate modules for hot reload:
[2019.01.10-09.27.41:780][912]  HolidayProject_Ver2
[2019.01.10-09.27.41:780][912]Launching UnrealBuildTool... [D:/Unreal/UE_4.21/Engine/Binaries/DotNET/UnrealBuildTool.exe  -ModuleWithSuffix=HolidayProject_Ver2,7786 Win64 Development -TargetType=Editor -Project="../../../../../Repositories/HolidayProject01_Ver02/HolidayProject_Ver2/HolidayProject_Ver2.uproject" -canskiplink "D:/Repositories/HolidayProject01_Ver02/HolidayProject_Ver2/HolidayProject_Ver2.uproject" ]
[2019.01.10-09.28.00:809][912]CompilerResultsLog: New page: Compilation - Jan 11, 2019, 3:28:00 AM
[2019.01.10-09.28.00:809][912]CompilerResultsLog: Using 'git status' to determine working set for adaptive non-unity build (D:\Repositories\HolidayProject01_Ver02).
[2019.01.10-09.28.00:809][912]CompilerResultsLog: Creating makefile for hot reloading HolidayProject_Ver2Editor (no existing makefile)
[2019.01.10-09.28.00:809][912]CompilerResultsLog: Compiling game modules for hot reload
[2019.01.10-09.28.00:809][912]CompilerResultsLog: Using Visual Studio 2017 14.16.27023 toolchain (E:\Microsoft Visual Studio\Visual Studio\VC\Tools\MSVC\14.16.27023) and Windows 10.0.17763.0 SDK (E:\Windows Kits\10).
[2019.01.10-09.28.00:809][912]CompilerResultsLog: Parsing headers for HolidayProject_Ver2Editor
[2019.01.10-09.28.00:809][912]CompilerResultsLog:   Running UnrealHeaderTool "D:\Repositories\HolidayProject01_Ver02\HolidayProject_Ver2\HolidayProject_Ver2.uproject" "D:\Repositories\HolidayProject01_Ver02\HolidayProject_Ver2\Intermediate\Build\Win64\HolidayProject_Ver2Editor\Development\HolidayProject_Ver2Editor.uhtmanifest" -LogCmds="loginit warning, logexit warning, logdatabase error" -Unattended -WarningsAsErrors -installed
[2019.01.10-09.28.00:809][912]CompilerResultsLog: Reflection code generated for HolidayProject_Ver2Editor in 11.2677998 seconds
[2019.01.10-09.28.00:809][912]CompilerResultsLog: Building 5 actions with 8 processes...
[2019.01.10-09.28.00:809][912]CompilerResultsLog:   [1/5] MyCamera.cpp
[2019.01.10-09.28.00:809][912]CompilerResultsLog:   [2/5] HolidayProject_Ver2.init.gen.cpp
[2019.01.10-09.28.00:809][912]CompilerResultsLog:   [3/5] MyCamera.gen.cpp
[2019.01.10-09.28.00:809][912]CompilerResultsLog:   [4/5] UE4Editor-HolidayProject_Ver2-7786.lib
[2019.01.10-09.28.00:809][912]CompilerResultsLog:      Creating library D:\Repositories\HolidayProject01_Ver02\HolidayProject_Ver2\Intermediate\Build\Win64\UE4Editor\Development\HolidayProject_Ver2\UE4Editor-HolidayProject_Ver2-7786.lib and object D:\Repositories\HolidayProject01_Ver02\HolidayProject_Ver2\Intermediate\Build\Win64\UE4Editor\Development\HolidayProject_Ver2\UE4Editor-HolidayProject_Ver2-7786.exp
[2019.01.10-09.28.00:809][912]CompilerResultsLog:   [5/5] UE4Editor-HolidayProject_Ver2-7786.dll
[2019.01.10-09.28.00:809][912]CompilerResultsLog:      Creating library D:\Repositories\HolidayProject01_Ver02\HolidayProject_Ver2\Intermediate\Build\Win64\UE4Editor\Development\HolidayProject_Ver2\UE4Editor-HolidayProject_Ver2-7786.suppressed.lib and object D:\Repositories\HolidayProject01_Ver02\HolidayProject_Ver2\Intermediate\Build\Win64\UE4Editor\Development\HolidayProject_Ver2\UE4Editor-HolidayProject_Ver2-7786.suppressed.exp
[2019.01.10-09.28.00:809][912]CompilerResultsLog: Total build time: 18.61 seconds (Parallel executor: 2.34 seconds)
[2019.01.10-09.28.00:809][912]LogMainFrame: MainFrame: Module compiling took 19.033 seconds
[2019.01.10-09.28.00:858][912]LogClass: Could not find existing class MyCamera in package /Script/HolidayProject_Ver2 for HotReload, assuming new class
[2019.01.10-09.28.00:864][912]LogContentBrowser: Native class hierarchy updated for 'HolidayProject_Ver2' in 0.0005 seconds. Added 3 classes and 2 folders.
[2019.01.10-09.28.00:866][912]Display: HotReload successful (0 functions remapped  0 scriptstructs remapped)
[2019.01.10-09.28.00:938][912]LogContentBrowser: Native class hierarchy populated in 0.0088 seconds. Added 2655 classes and 624 folders.
[2019.01.10-09.28.00:938][912]Display: HotReload took 19.2s.
[2019.01.10-09.28.00:939][912]Warning: HotReload operation took 19.2s.
[2019.01.10-09.28.01:149][912]LogSlate: Window 'Add C++ Class' being destroyed
[2019.01.10-09.28.01:156][912]LogHotReload: New module detected: UE4Editor-HolidayProject_Ver2-7786.dll
[2019.01.10-09.28.01:214][913]LogHotReload: Starting Hot-Reload from IDE
[2019.01.10-09.28.01:288][913]LogContentBrowser: Native class hierarchy updated for 'HolidayProject_Ver2' in 0.0004 seconds. Added 3 classes and 2 folders.
[2019.01.10-09.28.01:291][913]Display: HotReload successful (0 functions remapped  0 scriptstructs remapped)
[2019.01.10-09.28.01:329][913]LogContentBrowser: Native class hierarchy populated in 0.0107 seconds. Added 2655 classes and 624 folders.
[2019.01.10-09.28.01:332][913]Display: HotReload took  0.1s.
[2019.01.10-09.28.44:731][ 39]Running D:/Unreal/UE_4.21/Engine/Binaries/DotNET/UnrealBuildTool.exe Win64 Development -TargetType=Editor -Project="D:/Repositories/HolidayProject01_Ver02/HolidayProject_Ver2/HolidayProject_Ver2.uproject" -invalidatemakefilesonly
[2019.01.10-09.28.45:568][ 39]Invalidating makefiles only in this run.
[2019.01.10-09.28.45:694][ 39]Candidate modules for hot reload:
[2019.01.10-09.28.45:694][ 39]  HolidayProject_Ver2
[2019.01.10-09.28.45:694][ 39]Launching UnrealBuildTool... [D:/Unreal/UE_4.21/Engine/Binaries/DotNET/UnrealBuildTool.exe  -ModuleWithSuffix=HolidayProject_Ver2,1767 Win64 Development -TargetType=Editor -Project="../../../../../Repositories/HolidayProject01_Ver02/HolidayProject_Ver2/HolidayProject_Ver2.uproject" -canskiplink "D:/Repositories/HolidayProject01_Ver02/HolidayProject_Ver2/HolidayProject_Ver2.uproject" ]
[2019.01.10-09.29.04:209][ 39]CompilerResultsLog: New page: Compilation - Jan 11, 2019, 3:29:04 AM
[2019.01.10-09.29.04:209][ 39]CompilerResultsLog: Using 'git status' to determine working set for adaptive non-unity build (D:\Repositories\HolidayProject01_Ver02).
[2019.01.10-09.29.04:209][ 39]CompilerResultsLog: Creating makefile for hot reloading HolidayProject_Ver2Editor (no existing makefile)
[2019.01.10-09.29.04:209][ 39]CompilerResultsLog: Compiling game modules for hot reload
[2019.01.10-09.29.04:209][ 39]CompilerResultsLog: Using Visual Studio 2017 14.16.27023 toolchain (E:\Microsoft Visual Studio\Visual Studio\VC\Tools\MSVC\14.16.27023) and Windows 10.0.17763.0 SDK (E:\Windows Kits\10).
[2019.01.10-09.29.04:209][ 39]CompilerResultsLog: Parsing headers for HolidayProject_Ver2Editor
[2019.01.10-09.29.04:209][ 39]CompilerResultsLog:   Running UnrealHeaderTool "D:\Repositories\HolidayProject01_Ver02\HolidayProject_Ver2\HolidayProject_Ver2.uproject" "D:\Repositories\HolidayProject01_Ver02\HolidayProject_Ver2\Intermediate\Build\Win64\HolidayProject_Ver2Editor\Development\HolidayProject_Ver2Editor.uhtmanifest" -LogCmds="loginit warning, logexit warning, logdatabase error" -Unattended -WarningsAsErrors -installed
[2019.01.10-09.29.04:209][ 39]CompilerResultsLog: Reflection code generated for HolidayProject_Ver2Editor in 10.8284414 seconds
[2019.01.10-09.29.04:209][ 39]CompilerResultsLog: Building 5 actions with 8 processes...
[2019.01.10-09.29.04:209][ 39]CompilerResultsLog:   [1/5] HolidayProject_Ver2.init.gen.cpp
[2019.01.10-09.29.04:209][ 39]CompilerResultsLog:   [2/5] MyCameraManager.cpp
[2019.01.10-09.29.04:209][ 39]CompilerResultsLog:   [3/5] MyCameraManager.gen.cpp
[2019.01.10-09.29.04:209][ 39]CompilerResultsLog:   [4/5] UE4Editor-HolidayProject_Ver2-1767.lib
[2019.01.10-09.29.04:209][ 39]CompilerResultsLog:      Creating library D:\Repositories\HolidayProject01_Ver02\HolidayProject_Ver2\Intermediate\Build\Win64\UE4Editor\Development\HolidayProject_Ver2\UE4Editor-HolidayProject_Ver2-1767.lib and object D:\Repositories\HolidayProject01_Ver02\HolidayProject_Ver2\Intermediate\Build\Win64\UE4Editor\Development\HolidayProject_Ver2\UE4Editor-HolidayProject_Ver2-1767.exp
[2019.01.10-09.29.04:209][ 39]CompilerResultsLog:   [5/5] UE4Editor-HolidayProject_Ver2-1767.dll
[2019.01.10-09.29.04:209][ 39]CompilerResultsLog:      Creating library D:\Repositories\HolidayProject01_Ver02\HolidayProject_Ver2\Intermediate\Build\Win64\UE4Editor\Development\HolidayProject_Ver2\UE4Editor-HolidayProject_Ver2-1767.suppressed.lib and object D:\Repositories\HolidayProject01_Ver02\HolidayProject_Ver2\Intermediate\Build\Win64\UE4Editor\Development\HolidayProject_Ver2\UE4Editor-HolidayProject_Ver2-1767.suppressed.exp
[2019.01.10-09.29.04:209][ 39]CompilerResultsLog: Total build time: 18.00 seconds (Parallel executor: 2.25 seconds)
[2019.01.10-09.29.04:209][ 39]LogMainFrame: MainFrame: Module compiling took 18.517 seconds
[2019.01.10-09.29.04:281][ 39]LogClass: Could not find existing class MyCameraManager in package /Script/HolidayProject_Ver2 for HotReload, assuming new class
[2019.01.10-09.29.04:287][ 39]LogContentBrowser: Native class hierarchy updated for 'HolidayProject_Ver2' in 0.0005 seconds. Added 4 classes and 2 folders.
[2019.01.10-09.29.04:289][ 39]Display: HotReload successful (0 functions remapped  0 scriptstructs remapped)
[2019.01.10-09.29.04:358][ 39]LogContentBrowser: Native class hierarchy populated in 0.0113 seconds. Added 2656 classes and 624 folders.
[2019.01.10-09.29.04:358][ 39]Display: HotReload took 18.7s.
[2019.01.10-09.29.04:359][ 39]Warning: HotReload operation took 18.7s.
[2019.01.10-09.29.04:583][ 39]LogVSAccessor: Warning: Couldn't goto line number '1' in 'D:/Repositories/HolidayProject01_Ver02/HolidayProject_Ver2/Source/HolidayProject_Ver2/MyCameraManager.cpp'
[2019.01.10-09.29.04:594][ 39]LogSlate: Window 'Add C++ Class' being destroyed
[2019.01.10-09.29.04:606][ 39]LogHotReload: New module detected: UE4Editor-HolidayProject_Ver2-1767.dll
[2019.01.10-09.29.04:664][ 40]LogHotReload: Starting Hot-Reload from IDE
[2019.01.10-09.29.04:737][ 40]LogContentBrowser: Native class hierarchy updated for 'HolidayProject_Ver2' in 0.0008 seconds. Added 4 classes and 2 folders.
[2019.01.10-09.29.04:741][ 40]Display: HotReload successful (0 functions remapped  0 scriptstructs remapped)
[2019.01.10-09.29.04:785][ 40]LogContentBrowser: Native class hierarchy populated in 0.0130 seconds. Added 2656 classes and 624 folders.
[2019.01.10-09.29.04:788][ 40]Display: HotReload took  0.1s.
[2019.01.10-09.29.37:008][318]Running D:/Unreal/UE_4.21/Engine/Binaries/DotNET/UnrealBuildTool.exe Win64 Development -TargetType=Editor -Project="D:/Repositories/HolidayProject01_Ver02/HolidayProject_Ver2/HolidayProject_Ver2.uproject" -invalidatemakefilesonly
[2019.01.10-09.29.37:837][318]Invalidating makefiles only in this run.
[2019.01.10-09.29.37:966][318]Candidate modules for hot reload:
[2019.01.10-09.29.37:966][318]  HolidayProject_Ver2
[2019.01.10-09.29.37:966][318]Launching UnrealBuildTool... [D:/Unreal/UE_4.21/Engine/Binaries/DotNET/UnrealBuildTool.exe  -ModuleWithSuffix=HolidayProject_Ver2,8019 Win64 Development -TargetType=Editor -Project="../../../../../Repositories/HolidayProject01_Ver02/HolidayProject_Ver2/HolidayProject_Ver2.uproject" -canskiplink "D:/Repositories/HolidayProject01_Ver02/HolidayProject_Ver2/HolidayProject_Ver2.uproject" ]
[2019.01.10-09.29.56:609][318]CompilerResultsLog: New page: Compilation - Jan 11, 2019, 3:29:56 AM
[2019.01.10-09.29.56:609][318]CompilerResultsLog: Using 'git status' to determine working set for adaptive non-unity build (D:\Repositories\HolidayProject01_Ver02).
[2019.01.10-09.29.56:609][318]CompilerResultsLog: Creating makefile for hot reloading HolidayProject_Ver2Editor (no existing makefile)
[2019.01.10-09.29.56:609][318]CompilerResultsLog: Compiling game modules for hot reload
[2019.01.10-09.29.56:609][318]CompilerResultsLog: Using Visual Studio 2017 14.16.27023 toolchain (E:\Microsoft Visual Studio\Visual Studio\VC\Tools\MSVC\14.16.27023) and Windows 10.0.17763.0 SDK (E:\Windows Kits\10).
[2019.01.10-09.29.56:609][318]CompilerResultsLog: Parsing headers for HolidayProject_Ver2Editor
[2019.01.10-09.29.56:609][318]CompilerResultsLog:   Running UnrealHeaderTool "D:\Repositories\HolidayProject01_Ver02\HolidayProject_Ver2\HolidayProject_Ver2.uproject" "D:\Repositories\HolidayProject01_Ver02\HolidayProject_Ver2\Intermediate\Build\Win64\HolidayProject_Ver2Editor\Development\HolidayProject_Ver2Editor.uhtmanifest" -LogCmds="loginit warning, logexit warning, logdatabase error" -Unattended -WarningsAsErrors -installed
[2019.01.10-09.29.56:609][318]CompilerResultsLog: Reflection code generated for HolidayProject_Ver2Editor in 11.1228633 seconds
[2019.01.10-09.29.56:609][318]CompilerResultsLog: Building 5 actions with 8 processes...
[2019.01.10-09.29.56:609][318]CompilerResultsLog:   [1/5] HolidayProject_Ver2.init.gen.cpp
[2019.01.10-09.29.56:609][318]CompilerResultsLog:   [2/5] MyPlayerController.cpp
[2019.01.10-09.29.56:609][318]CompilerResultsLog:   [3/5] MyPlayerController.gen.cpp
[2019.01.10-09.29.56:609][318]CompilerResultsLog:   [4/5] UE4Editor-HolidayProject_Ver2-8019.lib
[2019.01.10-09.29.56:609][318]CompilerResultsLog:      Creating library D:\Repositories\HolidayProject01_Ver02\HolidayProject_Ver2\Intermediate\Build\Win64\UE4Editor\Development\HolidayProject_Ver2\UE4Editor-HolidayProject_Ver2-8019.lib and object D:\Repositories\HolidayProject01_Ver02\HolidayProject_Ver2\Intermediate\Build\Win64\UE4Editor\Development\HolidayProject_Ver2\UE4Editor-HolidayProject_Ver2-8019.exp
[2019.01.10-09.29.56:609][318]CompilerResultsLog:   [5/5] UE4Editor-HolidayProject_Ver2-8019.dll
[2019.01.10-09.29.56:609][318]CompilerResultsLog:      Creating library D:\Repositories\HolidayProject01_Ver02\HolidayProject_Ver2\Intermediate\Build\Win64\UE4Editor\Development\HolidayProject_Ver2\UE4Editor-HolidayProject_Ver2-8019.suppressed.lib and object D:\Repositories\HolidayProject01_Ver02\HolidayProject_Ver2\Intermediate\Build\Win64\UE4Editor\Development\HolidayProject_Ver2\UE4Editor-HolidayProject_Ver2-8019.suppressed.exp
[2019.01.10-09.29.56:609][318]CompilerResultsLog: Total build time: 18.23 seconds (Parallel executor: 2.26 seconds)
[2019.01.10-09.29.56:609][318]LogMainFrame: MainFrame: Module compiling took 18.646 seconds
[2019.01.10-09.29.56:661][318]LogClass: Could not find existing class MyPlayerController in package /Script/HolidayProject_Ver2 for HotReload, assuming new class
[2019.01.10-09.29.56:669][318]LogContentBrowser: Native class hierarchy updated for 'HolidayProject_Ver2' in 0.0004 seconds. Added 5 classes and 2 folders.
[2019.01.10-09.29.56:671][318]Display: HotReload successful (0 functions remapped  0 scriptstructs remapped)
[2019.01.10-09.29.56:737][318]LogContentBrowser: Native class hierarchy populated in 0.0096 seconds. Added 2657 classes and 624 folders.
[2019.01.10-09.29.56:737][318]Display: HotReload took 18.8s.
[2019.01.10-09.29.56:739][318]Warning: HotReload operation took 18.8s.
[2019.01.10-09.29.56:867][318]LogVSAccessor: Warning: Couldn't goto line number '1' in 'D:/Repositories/HolidayProject01_Ver02/HolidayProject_Ver2/Source/HolidayProject_Ver2/MyPlayerController.h'
[2019.01.10-09.29.56:956][318]LogVSAccessor: Warning: Couldn't goto line number '1' in 'D:/Repositories/HolidayProject01_Ver02/HolidayProject_Ver2/Source/HolidayProject_Ver2/MyPlayerController.cpp'
[2019.01.10-09.29.56:964][318]LogSlate: Window 'Add C++ Class' being destroyed
[2019.01.10-09.29.56:973][318]LogHotReload: New module detected: UE4Editor-HolidayProject_Ver2-8019.dll
[2019.01.10-09.29.57:026][319]LogHotReload: Starting Hot-Reload from IDE
[2019.01.10-09.29.57:099][319]LogContentBrowser: Native class hierarchy updated for 'HolidayProject_Ver2' in 0.0005 seconds. Added 5 classes and 2 folders.
[2019.01.10-09.29.57:104][319]Display: HotReload successful (0 functions remapped  0 scriptstructs remapped)
[2019.01.10-09.29.57:146][319]LogContentBrowser: Native class hierarchy populated in 0.0114 seconds. Added 2657 classes and 624 folders.
[2019.01.10-09.29.57:148][319]Display: HotReload took  0.1s.
[2019.01.10-09.31.02:430][718]Running D:/Unreal/UE_4.21/Engine/Binaries/DotNET/UnrealBuildTool.exe Win64 Development -TargetType=Editor -Project="D:/Repositories/HolidayProject01_Ver02/HolidayProject_Ver2/HolidayProject_Ver2.uproject" -invalidatemakefilesonly
[2019.01.10-09.31.03:249][718]Invalidating makefiles only in this run.
[2019.01.10-09.31.03:377][718]Candidate modules for hot reload:
[2019.01.10-09.31.03:377][718]  HolidayProject_Ver2
[2019.01.10-09.31.03:377][718]Launching UnrealBuildTool... [D:/Unreal/UE_4.21/Engine/Binaries/DotNET/UnrealBuildTool.exe  -ModuleWithSuffix=HolidayProject_Ver2,2740 Win64 Development -TargetType=Editor -Project="../../../../../Repositories/HolidayProject01_Ver02/HolidayProject_Ver2/HolidayProject_Ver2.uproject" -canskiplink "D:/Repositories/HolidayProject01_Ver02/HolidayProject_Ver2/HolidayProject_Ver2.uproject" ]
[2019.01.10-09.31.21:993][718]CompilerResultsLog: New page: Compilation - Jan 11, 2019, 3:31:21 AM
[2019.01.10-09.31.21:993][718]CompilerResultsLog: Using 'git status' to determine working set for adaptive non-unity build (D:\Repositories\HolidayProject01_Ver02).
[2019.01.10-09.31.21:993][718]CompilerResultsLog: Creating makefile for hot reloading HolidayProject_Ver2Editor (no existing makefile)
[2019.01.10-09.31.21:993][718]CompilerResultsLog: Compiling game modules for hot reload
[2019.01.10-09.31.21:993][718]CompilerResultsLog: Using Visual Studio 2017 14.16.27023 toolchain (E:\Microsoft Visual Studio\Visual Studio\VC\Tools\MSVC\14.16.27023) and Windows 10.0.17763.0 SDK (E:\Windows Kits\10).
[2019.01.10-09.31.21:993][718]CompilerResultsLog: Parsing headers for HolidayProject_Ver2Editor
[2019.01.10-09.31.21:993][718]CompilerResultsLog:   Running UnrealHeaderTool "D:\Repositories\HolidayProject01_Ver02\HolidayProject_Ver2\HolidayProject_Ver2.uproject" "D:\Repositories\HolidayProject01_Ver02\HolidayProject_Ver2\Intermediate\Build\Win64\HolidayProject_Ver2Editor\Development\HolidayProject_Ver2Editor.uhtmanifest" -LogCmds="loginit warning, logexit warning, logdatabase error" -Unattended -WarningsAsErrors -installed
[2019.01.10-09.31.21:993][718]CompilerResultsLog: Reflection code generated for HolidayProject_Ver2Editor in 10.7597386 seconds
[2019.01.10-09.31.21:993][718]CompilerResultsLog: Building 5 actions with 8 processes...
[2019.01.10-09.31.21:993][718]CompilerResultsLog:   [1/5] HolidayProject_Ver2.init.gen.cpp
[2019.01.10-09.31.21:993][718]CompilerResultsLog:   [2/5] Bullet.cpp
[2019.01.10-09.31.21:993][718]CompilerResultsLog:   [3/5] Bullet.gen.cpp
[2019.01.10-09.31.21:993][718]CompilerResultsLog:   [4/5] UE4Editor-HolidayProject_Ver2-2740.lib
[2019.01.10-09.31.21:993][718]CompilerResultsLog:      Creating library D:\Repositories\HolidayProject01_Ver02\HolidayProject_Ver2\Intermediate\Build\Win64\UE4Editor\Development\HolidayProject_Ver2\UE4Editor-HolidayProject_Ver2-2740.lib and object D:\Repositories\HolidayProject01_Ver02\HolidayProject_Ver2\Intermediate\Build\Win64\UE4Editor\Development\HolidayProject_Ver2\UE4Editor-HolidayProject_Ver2-2740.exp
[2019.01.10-09.31.21:993][718]CompilerResultsLog:   [5/5] UE4Editor-HolidayProject_Ver2-2740.dll
[2019.01.10-09.31.21:993][718]CompilerResultsLog:      Creating library D:\Repositories\HolidayProject01_Ver02\HolidayProject_Ver2\Intermediate\Build\Win64\UE4Editor\Development\HolidayProject_Ver2\UE4Editor-HolidayProject_Ver2-2740.suppressed.lib and object D:\Repositories\HolidayProject01_Ver02\HolidayProject_Ver2\Intermediate\Build\Win64\UE4Editor\Development\HolidayProject_Ver2\UE4Editor-HolidayProject_Ver2-2740.suppressed.exp
[2019.01.10-09.31.21:993][718]CompilerResultsLog: Total build time: 18.14 seconds (Parallel executor: 2.43 seconds)
[2019.01.10-09.31.21:993][718]LogMainFrame: MainFrame: Module compiling took 18.619 seconds
[2019.01.10-09.31.22:066][718]LogClass: Could not find existing class Bullet in package /Script/HolidayProject_Ver2 for HotReload, assuming new class
[2019.01.10-09.31.22:080][718]LogContentBrowser: Native class hierarchy updated for 'HolidayProject_Ver2' in 0.0004 seconds. Added 6 classes and 2 folders.
[2019.01.10-09.31.22:082][718]Display: HotReload successful (0 functions remapped  0 scriptstructs remapped)
[2019.01.10-09.31.22:152][718]LogContentBrowser: Native class hierarchy populated in 0.0118 seconds. Added 2658 classes and 624 folders.
[2019.01.10-09.31.22:152][718]Display: HotReload took 18.8s.
[2019.01.10-09.31.22:153][718]Warning: HotReload operation took 18.8s.
[2019.01.10-09.31.22:450][718]LogVSAccessor: Warning: Couldn't goto line number '1' in 'D:/Repositories/HolidayProject01_Ver02/HolidayProject_Ver2/Source/HolidayProject_Ver2/Bullet.cpp'
[2019.01.10-09.31.22:459][718]LogSlate: Window 'Add C++ Class' being destroyed
[2019.01.10-09.31.22:469][718]LogHotReload: New module detected: UE4Editor-HolidayProject_Ver2-2740.dll
[2019.01.10-09.31.22:532][719]LogHotReload: Starting Hot-Reload from IDE
[2019.01.10-09.31.22:610][719]LogContentBrowser: Native class hierarchy updated for 'HolidayProject_Ver2' in 0.0006 seconds. Added 6 classes and 2 folders.
[2019.01.10-09.31.22:612][719]Display: HotReload successful (0 functions remapped  0 scriptstructs remapped)
[2019.01.10-09.31.22:653][719]LogContentBrowser: Native class hierarchy populated in 0.0093 seconds. Added 2658 classes and 624 folders.
[2019.01.10-09.31.22:656][719]Display: HotReload took  0.1s.
[2019.01.10-09.32.11:283][417]LogUnrealEdMisc: Warning: Heartbeat event firing too frequently (48.620 sec). This should never happen. Something is wrong with the timer delegate!
